[     809ms] [INFO] %cDownload the React DevTools for a better development experience: https://react.dev/link/react-devtools font-weight:bold @ http://localhost:3000/_next/static/chunks/07yg_next_dist_0egfuq6._.js:2431
[     836ms] [LOG] [HMR] connected @ http://localhost:3000/_next/static/chunks/07yg_next_dist_0egfuq6._.js:2431
[     869ms] [LOG] %c[Vercel Speed Insights]%c Debug mode is enabled by default in development. No requests will be sent to the server. color: rgb(120, 120, 120) color: inherit @ http://localhost:3000/_next/static/chunks/07yg_next_dist_0egfuq6._.js:2431
[   77920ms] [LOG] [Fast Refresh] rebuilding @ http://localhost:3000/_next/static/chunks/07yg_next_dist_0egfuq6._.js:2431
[   77946ms] [LOG] [Fast Refresh] done in 136ms @ http://localhost:3000/_next/static/chunks/07yg_next_dist_0egfuq6._.js:2431
[   91101ms] [LOG] [Fast Refresh] rebuilding @ http://localhost:3000/_next/static/chunks/07yg_next_dist_0egfuq6._.js:2431
[  108817ms] [LOG] [Fast Refresh] done in 17815ms @ http://localhost:3000/_next/static/chunks/07yg_next_dist_0egfuq6._.js:2431
[  109200ms] [LOG] [Fast Refresh] rebuilding @ http://localhost:3000/_next/static/chunks/07yg_next_dist_0egfuq6._.js:2431
[  109684ms] [LOG] [Fast Refresh] done in 585ms @ http://localhost:3000/_next/static/chunks/07yg_next_dist_0egfuq6._.js:2431
[  109935ms] [LOG] [Fast Refresh] rebuilding @ http://localhost:3000/_next/static/chunks/07yg_next_dist_0egfuq6._.js:2431
[  110120ms] [LOG] [Fast Refresh] done in 298ms @ http://localhost:3000/_next/static/chunks/07yg_next_dist_0egfuq6._.js:2431
[  110249ms] [LOG] [Fast Refresh] rebuilding @ http://localhost:3000/_next/static/chunks/07yg_next_dist_0egfuq6._.js:2431
[  110734ms] [LOG] [Fast Refresh] done in 594ms @ http://localhost:3000/_next/static/chunks/07yg_next_dist_0egfuq6._.js:2431
[  111468ms] [LOG] [Fast Refresh] rebuilding @ http://localhost:3000/_next/static/chunks/07yg_next_dist_0egfuq6._.js:2431
[  111626ms] [LOG] [Fast Refresh] done in 266ms @ http://localhost:3000/_next/static/chunks/07yg_next_dist_0egfuq6._.js:2431
[  112091ms] [LOG] [Fast Refresh] rebuilding @ http://localhost:3000/_next/static/chunks/07yg_next_dist_0egfuq6._.js:2431
[  112429ms] [LOG] [Fast Refresh] done in 451ms @ http://localhost:3000/_next/static/chunks/07yg_next_dist_0egfuq6._.js:2431
[  113027ms] [LOG] [Fast Refresh] rebuilding @ http://localhost:3000/_next/static/chunks/07yg_next_dist_0egfuq6._.js:2431
[  113115ms] [LOG] [Fast Refresh] done in 190ms @ http://localhost:3000/_next/static/chunks/07yg_next_dist_0egfuq6._.js:2431
[  113263ms] [LOG] [Fast Refresh] rebuilding @ http://localhost:3000/_next/static/chunks/07yg_next_dist_0egfuq6._.js:2431
[  114684ms] [LOG] [Fast Refresh] done in 1527ms @ http://localhost:3000/_next/static/chunks/07yg_next_dist_0egfuq6._.js:2431
[  115638ms] [LOG] [Fast Refresh] rebuilding @ http://localhost:3000/_next/static/chunks/07yg_next_dist_0egfuq6._.js:2431
[  115703ms] [LOG] [Fast Refresh] done in 167ms @ http://localhost:3000/_next/static/chunks/07yg_next_dist_0egfuq6._.js:2431
[  116184ms] [LOG] [Fast Refresh] rebuilding @ http://localhost:3000/_next/static/chunks/07yg_next_dist_0egfuq6._.js:2431
[  116227ms] [LOG] [Fast Refresh] done in 149ms @ http://localhost:3000/_next/static/chunks/07yg_next_dist_0egfuq6._.js:2431
[  116722ms] [LOG] [Fast Refresh] rebuilding @ http://localhost:3000/_next/static/chunks/07yg_next_dist_0egfuq6._.js:2431
[  116841ms] [LOG] [Fast Refresh] done in 226ms @ http://localhost:3000/_next/static/chunks/07yg_next_dist_0egfuq6._.js:2431
[  117344ms] [LOG] [Fast Refresh] rebuilding @ http://localhost:3000/_next/static/chunks/07yg_next_dist_0egfuq6._.js:2431
[  117447ms] [LOG] [Fast Refresh] done in 206ms @ http://localhost:3000/_next/static/chunks/07yg_next_dist_0egfuq6._.js:2431
[  117937ms] [LOG] [Fast Refresh] rebuilding @ http://localhost:3000/_next/static/chunks/07yg_next_dist_0egfuq6._.js:2431
[  118019ms] [LOG] [Fast Refresh] done in 197ms @ http://localhost:3000/_next/static/chunks/07yg_next_dist_0egfuq6._.js:2431
[  118465ms] [LOG] [Fast Refresh] rebuilding @ http://localhost:3000/_next/static/chunks/07yg_next_dist_0egfuq6._.js:2431
[  118566ms] [LOG] [Fast Refresh] done in 211ms @ http://localhost:3000/_next/static/chunks/07yg_next_dist_0egfuq6._.js:2431
[  119010ms] [LOG] [Fast Refresh] rebuilding @ http://localhost:3000/_next/static/chunks/07yg_next_dist_0egfuq6._.js:2431
[  119117ms] [LOG] [Fast Refresh] done in 215ms @ http://localhost:3000/_next/static/chunks/07yg_next_dist_0egfuq6._.js:2431
[  119667ms] [LOG] [Fast Refresh] rebuilding @ http://localhost:3000/_next/static/chunks/07yg_next_dist_0egfuq6._.js:2431
[  120107ms] [LOG] [Fast Refresh] done in 549ms @ http://localhost:3000/_next/static/chunks/07yg_next_dist_0egfuq6._.js:2431
[  121106ms] [LOG] [Fast Refresh] rebuilding @ http://localhost:3000/_next/static/chunks/07yg_next_dist_0egfuq6._.js:2431
[  121180ms] [LOG] [Fast Refresh] done in 187ms @ http://localhost:3000/_next/static/chunks/07yg_next_dist_0egfuq6._.js:2431
[  140492ms] [LOG] [Fast Refresh] rebuilding @ http://localhost:3000/_next/static/chunks/07yg_next_dist_0egfuq6._.js:2431
[  141192ms] [LOG] [Fast Refresh] done in 809ms @ http://localhost:3000/_next/static/chunks/07yg_next_dist_0egfuq6._.js:2431
[  141467ms] [LOG] [Fast Refresh] rebuilding @ http://localhost:3000/_next/static/chunks/07yg_next_dist_0egfuq6._.js:2431
[  141808ms] [LOG] [Fast Refresh] done in 451ms @ http://localhost:3000/_next/static/chunks/07yg_next_dist_0egfuq6._.js:2431
[  142566ms] [LOG] [Fast Refresh] rebuilding @ http://localhost:3000/_next/static/chunks/07yg_next_dist_0egfuq6._.js:2431
[  143353ms] [LOG] [Fast Refresh] done in 901ms @ http://localhost:3000/_next/static/chunks/07yg_next_dist_0egfuq6._.js:2431
[  143852ms] [LOG] [Fast Refresh] rebuilding @ http://localhost:3000/_next/static/chunks/07yg_next_dist_0egfuq6._.js:2431
[  143895ms] [LOG] [Fast Refresh] done in 156ms @ http://localhost:3000/_next/static/chunks/07yg_next_dist_0egfuq6._.js:2431
[  174903ms] [LOG] [Fast Refresh] rebuilding @ http://localhost:3000/_next/static/chunks/07yg_next_dist_0egfuq6._.js:2431
[  175066ms] [LOG] [Fast Refresh] done in 273ms @ http://localhost:3000/_next/static/chunks/07yg_next_dist_0egfuq6._.js:2431
[  215758ms] [LOG] [Fast Refresh] rebuilding @ http://localhost:3000/_next/static/chunks/07yg_next_dist_0egfuq6._.js:2431
[  221025ms] [LOG] [Fast Refresh] done in 5367ms @ http://localhost:3000/_next/static/chunks/07yg_next_dist_0egfuq6._.js:2431
[  221310ms] [LOG] [Fast Refresh] rebuilding @ http://localhost:3000/_next/static/chunks/07yg_next_dist_0egfuq6._.js:2431
[  221558ms] [LOG] [Fast Refresh] done in 356ms @ http://localhost:3000/_next/static/chunks/07yg_next_dist_0egfuq6._.js:2431
[  221684ms] [LOG] [Fast Refresh] rebuilding @ http://localhost:3000/_next/static/chunks/07yg_next_dist_0egfuq6._.js:2431
[  221939ms] [LOG] [Fast Refresh] done in 360ms @ http://localhost:3000/_next/static/chunks/07yg_next_dist_0egfuq6._.js:2431
[  222130ms] [LOG] [Fast Refresh] rebuilding @ http://localhost:3000/_next/static/chunks/07yg_next_dist_0egfuq6._.js:2431
[  222174ms] [LOG] [Fast Refresh] done in 151ms @ http://localhost:3000/_next/static/chunks/07yg_next_dist_0egfuq6._.js:2431
[  222939ms] [LOG] [Fast Refresh] rebuilding @ http://localhost:3000/_next/static/chunks/07yg_next_dist_0egfuq6._.js:2431
[  223478ms] [LOG] [Fast Refresh] done in 641ms @ http://localhost:3000/_next/static/chunks/07yg_next_dist_0egfuq6._.js:2431
[  223979ms] [LOG] [Fast Refresh] rebuilding @ http://localhost:3000/_next/static/chunks/07yg_next_dist_0egfuq6._.js:2431
[  224231ms] [LOG] [Fast Refresh] done in 367ms @ http://localhost:3000/_next/static/chunks/07yg_next_dist_0egfuq6._.js:2431
[  224371ms] [LOG] [Fast Refresh] rebuilding @ http://localhost:3000/_next/static/chunks/07yg_next_dist_0egfuq6._.js:2431
[  224390ms] [LOG] [Fast Refresh] done in 123ms @ http://localhost:3000/_next/static/chunks/07yg_next_dist_0egfuq6._.js:2431
[  224649ms] [LOG] [Fast Refresh] rebuilding @ http://localhost:3000/_next/static/chunks/07yg_next_dist_0egfuq6._.js:2431
[  224838ms] [LOG] [Fast Refresh] done in 295ms @ http://localhost:3000/_next/static/chunks/07yg_next_dist_0egfuq6._.js:2431
[  225086ms] [LOG] [Fast Refresh] rebuilding @ http://localhost:3000/_next/static/chunks/07yg_next_dist_0egfuq6._.js:2431
[  225121ms] [LOG] [Fast Refresh] done in 137ms @ http://localhost:3000/_next/static/chunks/07yg_next_dist_0egfuq6._.js:2431
[  225365ms] [LOG] [Fast Refresh] rebuilding @ http://localhost:3000/_next/static/chunks/07yg_next_dist_0egfuq6._.js:2431
[  225508ms] [LOG] [Fast Refresh] done in 249ms @ http://localhost:3000/_next/static/chunks/07yg_next_dist_0egfuq6._.js:2431
[  225756ms] [LOG] [Fast Refresh] rebuilding @ http://localhost:3000/_next/static/chunks/07yg_next_dist_0egfuq6._.js:2431
[  225757ms] [LOG] [Fast Refresh] done in 111ms @ http://localhost:3000/_next/static/chunks/07yg_next_dist_0egfuq6._.js:2431
[  225989ms] [LOG] [Fast Refresh] rebuilding @ http://localhost:3000/_next/static/chunks/07yg_next_dist_0egfuq6._.js:2431
[  226105ms] [LOG] [Fast Refresh] done in 219ms @ http://localhost:3000/_next/static/chunks/07yg_next_dist_0egfuq6._.js:2431
[  226359ms] [LOG] [Fast Refresh] rebuilding @ http://localhost:3000/_next/static/chunks/07yg_next_dist_0egfuq6._.js:2431
[  226380ms] [LOG] [Fast Refresh] done in 125ms @ http://localhost:3000/_next/static/chunks/07yg_next_dist_0egfuq6._.js:2431
[  226624ms] [LOG] [Fast Refresh] rebuilding @ http://localhost:3000/_next/static/chunks/07yg_next_dist_0egfuq6._.js:2431
[  226766ms] [LOG] [Fast Refresh] done in 248ms @ http://localhost:3000/_next/static/chunks/07yg_next_dist_0egfuq6._.js:2431
[  233159ms] [LOG] [Fast Refresh] rebuilding @ http://localhost:3000/_next/static/chunks/07yg_next_dist_0egfuq6._.js:2431
[  233999ms] [LOG] [Fast Refresh] done in 947ms @ http://localhost:3000/_next/static/chunks/07yg_next_dist_0egfuq6._.js:2431
[  234257ms] [LOG] [Fast Refresh] rebuilding @ http://localhost:3000/_next/static/chunks/07yg_next_dist_0egfuq6._.js:2431
[  234461ms] [LOG] [Fast Refresh] done in 304ms @ http://localhost:3000/_next/static/chunks/07yg_next_dist_0egfuq6._.js:2431
[  234927ms] [LOG] [Fast Refresh] rebuilding @ http://localhost:3000/_next/static/chunks/07yg_next_dist_0egfuq6._.js:2431
[  235254ms] [LOG] [Fast Refresh] done in 432ms @ http://localhost:3000/_next/static/chunks/07yg_next_dist_0egfuq6._.js:2431
[  235410ms] [LOG] [Fast Refresh] rebuilding @ http://localhost:3000/_next/static/chunks/07yg_next_dist_0egfuq6._.js:2431
[  235850ms] [LOG] [Fast Refresh] done in 552ms @ http://localhost:3000/_next/static/chunks/07yg_next_dist_0egfuq6._.js:2431
[  236176ms] [LOG] [Fast Refresh] rebuilding @ http://localhost:3000/_next/static/chunks/07yg_next_dist_0egfuq6._.js:2431
[  236405ms] [LOG] [Fast Refresh] done in 337ms @ http://localhost:3000/_next/static/chunks/07yg_next_dist_0egfuq6._.js:2431
[  236823ms] [LOG] [Fast Refresh] rebuilding @ http://localhost:3000/_next/static/chunks/07yg_next_dist_0egfuq6._.js:2431
[  236857ms] [LOG] [Fast Refresh] done in 142ms @ http://localhost:3000/_next/static/chunks/07yg_next_dist_0egfuq6._.js:2431
[  243458ms] [LOG] [Fast Refresh] rebuilding @ http://localhost:3000/_next/static/chunks/07yg_next_dist_0egfuq6._.js:2431
[  243903ms] [LOG] [Fast Refresh] done in 558ms @ http://localhost:3000/_next/static/chunks/07yg_next_dist_0egfuq6._.js:2431
[  244218ms] [LOG] [Fast Refresh] rebuilding @ http://localhost:3000/_next/static/chunks/07yg_next_dist_0egfuq6._.js:2431
[  244423ms] [LOG] [Fast Refresh] done in 316ms @ http://localhost:3000/_next/static/chunks/07yg_next_dist_0egfuq6._.js:2431
[  245725ms] [LOG] [Fast Refresh] rebuilding @ http://localhost:3000/_next/static/chunks/07yg_next_dist_0egfuq6._.js:2431
[  246062ms] [LOG] [Fast Refresh] done in 447ms @ http://localhost:3000/_next/static/chunks/07yg_next_dist_0egfuq6._.js:2431
[  246184ms] [LOG] [Fast Refresh] rebuilding @ http://localhost:3000/_next/static/chunks/07yg_next_dist_0egfuq6._.js:2431
[  246560ms] [LOG] [Fast Refresh] done in 479ms @ http://localhost:3000/_next/static/chunks/07yg_next_dist_0egfuq6._.js:2431
[  264051ms] [LOG] [Fast Refresh] rebuilding @ http://localhost:3000/_next/static/chunks/07yg_next_dist_0egfuq6._.js:2431
[  264899ms] [LOG] [Fast Refresh] done in 957ms @ http://localhost:3000/_next/static/chunks/07yg_next_dist_0egfuq6._.js:2431
[  265167ms] [LOG] [Fast Refresh] rebuilding @ http://localhost:3000/_next/static/chunks/07yg_next_dist_0egfuq6._.js:2431
[  265388ms] [LOG] [Fast Refresh] done in 332ms @ http://localhost:3000/_next/static/chunks/07yg_next_dist_0egfuq6._.js:2431
[  265945ms] [LOG] [Fast Refresh] rebuilding @ http://localhost:3000/_next/static/chunks/07yg_next_dist_0egfuq6._.js:2431
[  266295ms] [LOG] [Fast Refresh] done in 452ms @ http://localhost:3000/_next/static/chunks/07yg_next_dist_0egfuq6._.js:2431
[  266426ms] [LOG] [Fast Refresh] rebuilding @ http://localhost:3000/_next/static/chunks/07yg_next_dist_0egfuq6._.js:2431
[  266826ms] [LOG] [Fast Refresh] done in 510ms @ http://localhost:3000/_next/static/chunks/07yg_next_dist_0egfuq6._.js:2431
[  267166ms] [LOG] [Fast Refresh] rebuilding @ http://localhost:3000/_next/static/chunks/07yg_next_dist_0egfuq6._.js:2431
[  267368ms] [LOG] [Fast Refresh] done in 315ms @ http://localhost:3000/_next/static/chunks/07yg_next_dist_0egfuq6._.js:2431
[  267493ms] [LOG] [Fast Refresh] rebuilding @ http://localhost:3000/_next/static/chunks/07yg_next_dist_0egfuq6._.js:2431
[  267504ms] [LOG] [Fast Refresh] done in 117ms @ http://localhost:3000/_next/static/chunks/07yg_next_dist_0egfuq6._.js:2431
[  298460ms] [LOG] [Fast Refresh] rebuilding @ http://localhost:3000/_next/static/chunks/07yg_next_dist_0egfuq6._.js:2431
[  299206ms] [LOG] [Fast Refresh] done in 859ms @ http://localhost:3000/_next/static/chunks/07yg_next_dist_0egfuq6._.js:2431
[  299486ms] [LOG] [Fast Refresh] rebuilding @ http://localhost:3000/_next/static/chunks/07yg_next_dist_0egfuq6._.js:2431
[  299690ms] [LOG] [Fast Refresh] done in 318ms @ http://localhost:3000/_next/static/chunks/07yg_next_dist_0egfuq6._.js:2431
[  301522ms] [LOG] [Fast Refresh] rebuilding @ http://localhost:3000/_next/static/chunks/07yg_next_dist_0egfuq6._.js:2431
[  301828ms] [LOG] [Fast Refresh] done in 411ms @ http://localhost:3000/_next/static/chunks/07yg_next_dist_0egfuq6._.js:2431
[  301954ms] [LOG] [Fast Refresh] rebuilding @ http://localhost:3000/_next/static/chunks/07yg_next_dist_0egfuq6._.js:2431
[  302304ms] [LOG] [Fast Refresh] done in 458ms @ http://localhost:3000/_next/static/chunks/07yg_next_dist_0egfuq6._.js:2431
[  302866ms] [LOG] [Fast Refresh] rebuilding @ http://localhost:3000/_next/static/chunks/07yg_next_dist_0egfuq6._.js:2431
[  303028ms] [LOG] [Fast Refresh] done in 266ms @ http://localhost:3000/_next/static/chunks/07yg_next_dist_0egfuq6._.js:2431
[  303354ms] [LOG] [Fast Refresh] rebuilding @ http://localhost:3000/_next/static/chunks/07yg_next_dist_0egfuq6._.js:2431
[  303368ms] [LOG] [Fast Refresh] done in 127ms @ http://localhost:3000/_next/static/chunks/07yg_next_dist_0egfuq6._.js:2431
[  303525ms] [LOG] [Fast Refresh] rebuilding @ http://localhost:3000/_next/static/chunks/07yg_next_dist_0egfuq6._.js:2431
[  303557ms] [LOG] [Fast Refresh] done in 134ms @ http://localhost:3000/_next/static/chunks/07yg_next_dist_0egfuq6._.js:2431
[  341811ms] [LOG] [Fast Refresh] rebuilding @ http://localhost:3000/_next/static/chunks/07yg_next_dist_0egfuq6._.js:2431
[  342617ms] [LOG] [Fast Refresh] done in 909ms @ http://localhost:3000/_next/static/chunks/07yg_next_dist_0egfuq6._.js:2431
[  342853ms] [LOG] [Fast Refresh] rebuilding @ http://localhost:3000/_next/static/chunks/07yg_next_dist_0egfuq6._.js:2431
[  343042ms] [LOG] [Fast Refresh] done in 297ms @ http://localhost:3000/_next/static/chunks/07yg_next_dist_0egfuq6._.js:2431
[  343164ms] [LOG] [Fast Refresh] rebuilding @ http://localhost:3000/_next/static/chunks/07yg_next_dist_0egfuq6._.js:2431
[  343262ms] [LOG] [Fast Refresh] done in 209ms @ http://localhost:3000/_next/static/chunks/07yg_next_dist_0egfuq6._.js:2431
[  343836ms] [LOG] [Fast Refresh] rebuilding @ http://localhost:3000/_next/static/chunks/07yg_next_dist_0egfuq6._.js:2431
[  344633ms] [LOG] [Fast Refresh] done in 900ms @ http://localhost:3000/_next/static/chunks/07yg_next_dist_0egfuq6._.js:2431
[  345220ms] [LOG] [Fast Refresh] rebuilding @ http://localhost:3000/_next/static/chunks/07yg_next_dist_0egfuq6._.js:2431
[  345381ms] [LOG] [Fast Refresh] done in 264ms @ http://localhost:3000/_next/static/chunks/07yg_next_dist_0egfuq6._.js:2431
[  345655ms] [LOG] [Fast Refresh] rebuilding @ http://localhost:3000/_next/static/chunks/07yg_next_dist_0egfuq6._.js:2431
[  345683ms] [LOG] [Fast Refresh] done in 139ms @ http://localhost:3000/_next/static/chunks/07yg_next_dist_0egfuq6._.js:2431
[  352087ms] [LOG] [Fast Refresh] rebuilding @ http://localhost:3000/_next/static/chunks/07yg_next_dist_0egfuq6._.js:2431
[  352220ms] [LOG] [Fast Refresh] done in 237ms @ http://localhost:3000/_next/static/chunks/07yg_next_dist_0egfuq6._.js:2431
[  353925ms] [LOG] [Fast Refresh] rebuilding @ http://localhost:3000/_next/static/chunks/07yg_next_dist_0egfuq6._.js:2431
[  375786ms] [LOG] [Fast Refresh] done in 20748ms @ http://localhost:3000/_next/static/chunks/07yg_next_dist_0egfuq6._.js:2431
[  376149ms] [LOG] [Fast Refresh] rebuilding @ http://localhost:3000/_next/static/chunks/07yg_next_dist_0egfuq6._.js:2431
[  376163ms] [LOG] [Fast Refresh] done in 130ms @ http://localhost:3000/_next/static/chunks/07yg_next_dist_0egfuq6._.js:2431
[  376336ms] [LOG] [Fast Refresh] rebuilding @ http://localhost:3000/_next/static/chunks/07yg_next_dist_0egfuq6._.js:2431
[  376441ms] [LOG] [Fast Refresh] done in 206ms @ http://localhost:3000/_next/static/chunks/07yg_next_dist_0egfuq6._.js:2431
[  376610ms] [LOG] [Fast Refresh] rebuilding @ http://localhost:3000/_next/static/chunks/07yg_next_dist_0egfuq6._.js:2431
[  376762ms] [LOG] [Fast Refresh] done in 257ms @ http://localhost:3000/_next/static/chunks/07yg_next_dist_0egfuq6._.js:2431
[  376999ms] [LOG] [Fast Refresh] rebuilding @ http://localhost:3000/_next/static/chunks/07yg_next_dist_0egfuq6._.js:2431
[  377033ms] [LOG] [Fast Refresh] done in 134ms @ http://localhost:3000/_next/static/chunks/07yg_next_dist_0egfuq6._.js:2431
[  377374ms] [LOG] [Fast Refresh] rebuilding @ http://localhost:3000/_next/static/chunks/07yg_next_dist_0egfuq6._.js:2431
[  377405ms] [LOG] [Fast Refresh] done in 145ms @ http://localhost:3000/_next/static/chunks/07yg_next_dist_0egfuq6._.js:2431
[  377853ms] [LOG] [Fast Refresh] rebuilding @ http://localhost:3000/_next/static/chunks/07yg_next_dist_0egfuq6._.js:2431
[  377901ms] [LOG] [Fast Refresh] done in 151ms @ http://localhost:3000/_next/static/chunks/07yg_next_dist_0egfuq6._.js:2431
[  378481ms] [LOG] [Fast Refresh] rebuilding @ http://localhost:3000/_next/static/chunks/07yg_next_dist_0egfuq6._.js:2431
[  378531ms] [LOG] [Fast Refresh] done in 163ms @ http://localhost:3000/_next/static/chunks/07yg_next_dist_0egfuq6._.js:2431
[  378810ms] [LOG] [Fast Refresh] rebuilding @ http://localhost:3000/_next/static/chunks/07yg_next_dist_0egfuq6._.js:2431
[  379018ms] [LOG] [Fast Refresh] done in 318ms @ http://localhost:3000/_next/static/chunks/07yg_next_dist_0egfuq6._.js:2431
[  379390ms] [LOG] [Fast Refresh] rebuilding @ http://localhost:3000/_next/static/chunks/07yg_next_dist_0egfuq6._.js:2431
[  379453ms] [LOG] [Fast Refresh] done in 181ms @ http://localhost:3000/_next/static/chunks/07yg_next_dist_0egfuq6._.js:2431
[  379991ms] [LOG] [Fast Refresh] rebuilding @ http://localhost:3000/_next/static/chunks/07yg_next_dist_0egfuq6._.js:2431
[  380174ms] [LOG] [Fast Refresh] done in 293ms @ http://localhost:3000/_next/static/chunks/07yg_next_dist_0egfuq6._.js:2431
[  380876ms] [LOG] [Fast Refresh] rebuilding @ http://localhost:3000/_next/static/chunks/07yg_next_dist_0egfuq6._.js:2431
[  380950ms] [LOG] [Fast Refresh] done in 190ms @ http://localhost:3000/_next/static/chunks/07yg_next_dist_0egfuq6._.js:2431
[  381758ms] [LOG] [Fast Refresh] rebuilding @ http://localhost:3000/_next/static/chunks/07yg_next_dist_0egfuq6._.js:2431
[  381912ms] [LOG] [Fast Refresh] done in 260ms @ http://localhost:3000/_next/static/chunks/07yg_next_dist_0egfuq6._.js:2431
[  382801ms] [LOG] [Fast Refresh] rebuilding @ http://localhost:3000/_next/static/chunks/07yg_next_dist_0egfuq6._.js:2431
[  386233ms] [LOG] [Fast Refresh] done in 3524ms @ http://localhost:3000/_next/static/chunks/07yg_next_dist_0egfuq6._.js:2431
[  386621ms] [LOG] [Fast Refresh] rebuilding @ http://localhost:3000/_next/static/chunks/07yg_next_dist_0egfuq6._.js:2431
[  386864ms] [LOG] [Fast Refresh] done in 353ms @ http://localhost:3000/_next/static/chunks/07yg_next_dist_0egfuq6._.js:2431
[  387201ms] [LOG] [Fast Refresh] rebuilding @ http://localhost:3000/_next/static/chunks/07yg_next_dist_0egfuq6._.js:2431
[  387290ms] [LOG] [Fast Refresh] done in 201ms @ http://localhost:3000/_next/static/chunks/07yg_next_dist_0egfuq6._.js:2431
[  388364ms] [LOG] [Fast Refresh] rebuilding @ http://localhost:3000/_next/static/chunks/07yg_next_dist_0egfuq6._.js:2431
[  388600ms] [LOG] [Fast Refresh] done in 337ms @ http://localhost:3000/_next/static/chunks/07yg_next_dist_0egfuq6._.js:2431
[  389018ms] [LOG] [Fast Refresh] rebuilding @ http://localhost:3000/_next/static/chunks/07yg_next_dist_0egfuq6._.js:2431
[  389164ms] [LOG] [Fast Refresh] done in 252ms @ http://localhost:3000/_next/static/chunks/07yg_next_dist_0egfuq6._.js:2431
[  389288ms] [LOG] [Fast Refresh] rebuilding @ http://localhost:3000/_next/static/chunks/07yg_next_dist_0egfuq6._.js:2431
[  389436ms] [LOG] [Fast Refresh] done in 250ms @ http://localhost:3000/_next/static/chunks/07yg_next_dist_0egfuq6._.js:2431
[  389591ms] [LOG] [Fast Refresh] rebuilding @ http://localhost:3000/_next/static/chunks/07yg_next_dist_0egfuq6._.js:2431
[  389732ms] [LOG] [Fast Refresh] done in 255ms @ http://localhost:3000/_next/static/chunks/07yg_next_dist_0egfuq6._.js:2431
[  389857ms] [LOG] [Fast Refresh] rebuilding @ http://localhost:3000/_next/static/chunks/07yg_next_dist_0egfuq6._.js:2431
[  389905ms] [LOG] [Fast Refresh] done in 153ms @ http://localhost:3000/_next/static/chunks/07yg_next_dist_0egfuq6._.js:2431
[  390059ms] [LOG] [Fast Refresh] rebuilding @ http://localhost:3000/_next/static/chunks/07yg_next_dist_0egfuq6._.js:2431
[  390205ms] [LOG] [Fast Refresh] done in 252ms @ http://localhost:3000/_next/static/chunks/07yg_next_dist_0egfuq6._.js:2431
[  390339ms] [LOG] [Fast Refresh] rebuilding @ http://localhost:3000/_next/static/chunks/07yg_next_dist_0egfuq6._.js:2431
[  390499ms] [LOG] [Fast Refresh] done in 269ms @ http://localhost:3000/_next/static/chunks/07yg_next_dist_0egfuq6._.js:2431
[  390637ms] [LOG] [Fast Refresh] rebuilding @ http://localhost:3000/_next/static/chunks/07yg_next_dist_0egfuq6._.js:2431
[  390742ms] [LOG] [Fast Refresh] done in 207ms @ http://localhost:3000/_next/static/chunks/07yg_next_dist_0egfuq6._.js:2431
[  391415ms] [LOG] [Fast Refresh] rebuilding @ http://localhost:3000/_next/static/chunks/07yg_next_dist_0egfuq6._.js:2431
[  391516ms] [LOG] [Fast Refresh] done in 210ms @ http://localhost:3000/_next/static/chunks/07yg_next_dist_0egfuq6._.js:2431
[  391968ms] [LOG] [Fast Refresh] rebuilding @ http://localhost:3000/_next/static/chunks/07yg_next_dist_0egfuq6._.js:2431
[  392434ms] [LOG] [Fast Refresh] done in 578ms @ http://localhost:3000/_next/static/chunks/07yg_next_dist_0egfuq6._.js:2431
[  393677ms] [LOG] [Fast Refresh] rebuilding @ http://localhost:3000/_next/static/chunks/07yg_next_dist_0egfuq6._.js:2431
[  394633ms] [LOG] [Fast Refresh] done in 1068ms @ http://localhost:3000/_next/static/chunks/07yg_next_dist_0egfuq6._.js:2431
[  395322ms] [LOG] [Fast Refresh] rebuilding @ http://localhost:3000/_next/static/chunks/07yg_next_dist_0egfuq6._.js:2431
[  395513ms] [LOG] [Fast Refresh] done in 295ms @ http://localhost:3000/_next/static/chunks/07yg_next_dist_0egfuq6._.js:2431
[  396051ms] [LOG] [Fast Refresh] rebuilding @ http://localhost:3000/_next/static/chunks/07yg_next_dist_0egfuq6._.js:2431
[  396663ms] [LOG] [Fast Refresh] done in 722ms @ http://localhost:3000/_next/static/chunks/07yg_next_dist_0egfuq6._.js:2431
[  399049ms] [LOG] [Fast Refresh] rebuilding @ http://localhost:3000/_next/static/chunks/07yg_next_dist_0egfuq6._.js:2431
[  399091ms] [LOG] [Fast Refresh] done in 152ms @ http://localhost:3000/_next/static/chunks/07yg_next_dist_0egfuq6._.js:2431
[  399494ms] [LOG] [Fast Refresh] rebuilding @ http://localhost:3000/_next/static/chunks/07yg_next_dist_0egfuq6._.js:2431
[  400174ms] [LOG] [Fast Refresh] done in 791ms @ http://localhost:3000/_next/static/chunks/07yg_next_dist_0egfuq6._.js:2431
[  400805ms] [LOG] [Fast Refresh] rebuilding @ http://localhost:3000/_next/static/chunks/07yg_next_dist_0egfuq6._.js:2431
[  400880ms] [LOG] [Fast Refresh] done in 183ms @ http://localhost:3000/_next/static/chunks/07yg_next_dist_0egfuq6._.js:2431
[  503834ms] [LOG] [Fast Refresh] rebuilding @ http://localhost:3000/_next/static/chunks/07yg_next_dist_0egfuq6._.js:2431
[  503948ms] [LOG] [Fast Refresh] done in 218ms @ http://localhost:3000/_next/static/chunks/07yg_next_dist_0egfuq6._.js:2431
[  747308ms] [LOG] [HMR] connected @ http://localhost:3000/_next/static/chunks/07yg_next_dist_0egfuq6._.js:2431
[  747455ms] [LOG] [Fast Refresh] rebuilding @ http://localhost:3000/_next/static/chunks/07yg_next_dist_0egfuq6._.js:2431
[  748087ms] [LOG] [Fast Refresh] done in 740ms @ http://localhost:3000/_next/static/chunks/07yg_next_dist_0egfuq6._.js:2431
[  748191ms] [LOG] [Fast Refresh] rebuilding @ http://localhost:3000/_next/static/chunks/07yg_next_dist_0egfuq6._.js:2431
[  748487ms] [LOG] [Fast Refresh] done in 399ms @ http://localhost:3000/_next/static/chunks/07yg_next_dist_0egfuq6._.js:2431
[  748595ms] [LOG] [Fast Refresh] rebuilding @ http://localhost:3000/_next/static/chunks/07yg_next_dist_0egfuq6._.js:2431
[  748620ms] [LOG] [Fast Refresh] done in 129ms @ http://localhost:3000/_next/static/chunks/07yg_next_dist_0egfuq6._.js:2431
[  748923ms] [LOG] [Fast Refresh] rebuilding @ http://localhost:3000/_next/static/chunks/07yg_next_dist_0egfuq6._.js:2431
[  749095ms] [LOG] [Fast Refresh] done in 294ms @ http://localhost:3000/_next/static/chunks/07yg_next_dist_0egfuq6._.js:2431
[ 2602027ms] [LOG] [HMR] connected @ http://localhost:3000/_next/static/chunks/07yg_next_dist_0egfuq6._.js:2431
[ 2602157ms] [LOG] [Fast Refresh] rebuilding @ http://localhost:3000/_next/static/chunks/07yg_next_dist_0egfuq6._.js:2431
[ 2602770ms] [LOG] [Fast Refresh] done in 727ms @ http://localhost:3000/_next/static/chunks/07yg_next_dist_0egfuq6._.js:2431
[ 2698245ms] [LOG] [Fast Refresh] rebuilding @ http://localhost:3000/_next/static/chunks/07yg_next_dist_0egfuq6._.js:2431
[ 2698549ms] [LOG] [Fast Refresh] done in 415ms @ http://localhost:3000/_next/static/chunks/07yg_next_dist_0egfuq6._.js:2431
[ 2713609ms] [LOG] [Fast Refresh] rebuilding @ http://localhost:3000/_next/static/chunks/07yg_next_dist_0egfuq6._.js:2431
[ 2713887ms] [LOG] [Fast Refresh] done in 379ms @ http://localhost:3000/_next/static/chunks/07yg_next_dist_0egfuq6._.js:2431
[ 2720677ms] [LOG] [Fast Refresh] rebuilding @ http://localhost:3000/_next/static/chunks/07yg_next_dist_0egfuq6._.js:2431
[ 2720921ms] [LOG] [Fast Refresh] done in 357ms @ http://localhost:3000/_next/static/chunks/07yg_next_dist_0egfuq6._.js:2431
[ 3219473ms] [LOG] [Fast Refresh] rebuilding @ http://localhost:3000/_next/static/chunks/07yg_next_dist_0egfuq6._.js:2431
[ 3222200ms] [LOG] [Fast Refresh] done in 2813ms @ http://localhost:3000/_next/static/chunks/07yg_next_dist_0egfuq6._.js:2431
[ 3222870ms] [LOG] [Fast Refresh] rebuilding @ http://localhost:3000/_next/static/chunks/07yg_next_dist_0egfuq6._.js:2431
[ 3223372ms] [LOG] [Fast Refresh] done in 613ms @ http://localhost:3000/_next/static/chunks/07yg_next_dist_0egfuq6._.js:2431
[ 3223570ms] [LOG] [Fast Refresh] rebuilding @ http://localhost:3000/_next/static/chunks/07yg_next_dist_0egfuq6._.js:2431
[ 3223616ms] [LOG] [Fast Refresh] done in 150ms @ http://localhost:3000/_next/static/chunks/07yg_next_dist_0egfuq6._.js:2431
[ 3223899ms] [LOG] [Fast Refresh] rebuilding @ http://localhost:3000/_next/static/chunks/07yg_next_dist_0egfuq6._.js:2431
[ 3223976ms] [LOG] [Fast Refresh] done in 179ms @ http://localhost:3000/_next/static/chunks/07yg_next_dist_0egfuq6._.js:2431
[ 3224522ms] [LOG] [Fast Refresh] rebuilding @ http://localhost:3000/_next/static/chunks/07yg_next_dist_0egfuq6._.js:2431
[ 3225104ms] [LOG] [Fast Refresh] done in 693ms @ http://localhost:3000/_next/static/chunks/07yg_next_dist_0egfuq6._.js:2431
[ 3225241ms] [LOG] [Fast Refresh] rebuilding @ http://localhost:3000/_next/static/chunks/07yg_next_dist_0egfuq6._.js:2431
[ 3225817ms] [LOG] [Fast Refresh] done in 682ms @ http://localhost:3000/_next/static/chunks/07yg_next_dist_0egfuq6._.js:2431
[ 3226145ms] [LOG] [Fast Refresh] rebuilding @ http://localhost:3000/_next/static/chunks/07yg_next_dist_0egfuq6._.js:2431
[ 3226185ms] [LOG] [Fast Refresh] done in 146ms @ http://localhost:3000/_next/static/chunks/07yg_next_dist_0egfuq6._.js:2431
[ 3226557ms] [LOG] [Fast Refresh] rebuilding @ http://localhost:3000/_next/static/chunks/07yg_next_dist_0egfuq6._.js:2431
[ 3226814ms] [LOG] [Fast Refresh] done in 371ms @ http://localhost:3000/_next/static/chunks/07yg_next_dist_0egfuq6._.js:2431
[ 3226943ms] [LOG] [Fast Refresh] rebuilding @ http://localhost:3000/_next/static/chunks/07yg_next_dist_0egfuq6._.js:2431
[ 3226946ms] [LOG] [Fast Refresh] done in 114ms @ http://localhost:3000/_next/static/chunks/07yg_next_dist_0egfuq6._.js:2431
[ 3227337ms] [LOG] [Fast Refresh] rebuilding @ http://localhost:3000/_next/static/chunks/07yg_next_dist_0egfuq6._.js:2431
[ 3227470ms] [LOG] [Fast Refresh] done in 237ms @ http://localhost:3000/_next/static/chunks/07yg_next_dist_0egfuq6._.js:2431
[ 3227591ms] [LOG] [Fast Refresh] rebuilding @ http://localhost:3000/_next/static/chunks/07yg_next_dist_0egfuq6._.js:2431
[ 3227615ms] [LOG] [Fast Refresh] done in 126ms @ http://localhost:3000/_next/static/chunks/07yg_next_dist_0egfuq6._.js:2431
[ 3228042ms] [LOG] [Fast Refresh] rebuilding @ http://localhost:3000/_next/static/chunks/07yg_next_dist_0egfuq6._.js:2431
[ 3228168ms] [LOG] [Fast Refresh] done in 229ms @ http://localhost:3000/_next/static/chunks/07yg_next_dist_0egfuq6._.js:2431
[ 3228323ms] [LOG] [Fast Refresh] rebuilding @ http://localhost:3000/_next/static/chunks/07yg_next_dist_0egfuq6._.js:2431
[ 3228337ms] [LOG] [Fast Refresh] done in 129ms @ http://localhost:3000/_next/static/chunks/07yg_next_dist_0egfuq6._.js:2431
[ 3228696ms] [LOG] [Fast Refresh] rebuilding @ http://localhost:3000/_next/static/chunks/07yg_next_dist_0egfuq6._.js:2431
[ 3228800ms] [LOG] [Fast Refresh] done in 212ms @ http://localhost:3000/_next/static/chunks/07yg_next_dist_0egfuq6._.js:2431
[ 3228942ms] [LOG] [Fast Refresh] rebuilding @ http://localhost:3000/_next/static/chunks/07yg_next_dist_0egfuq6._.js:2431
[ 3228942ms] [LOG] [Fast Refresh] done in 111ms @ http://localhost:3000/_next/static/chunks/07yg_next_dist_0egfuq6._.js:2431
[ 3229257ms] [LOG] [Fast Refresh] rebuilding @ http://localhost:3000/_next/static/chunks/07yg_next_dist_0egfuq6._.js:2431
[ 3229372ms] [LOG] [Fast Refresh] done in 220ms @ http://localhost:3000/_next/static/chunks/07yg_next_dist_0egfuq6._.js:2431
[ 3229516ms] [LOG] [Fast Refresh] rebuilding @ http://localhost:3000/_next/static/chunks/07yg_next_dist_0egfuq6._.js:2431
[ 3229532ms] [LOG] [Fast Refresh] done in 119ms @ http://localhost:3000/_next/static/chunks/07yg_next_dist_0egfuq6._.js:2431
[ 3229844ms] [LOG] [Fast Refresh] rebuilding @ http://localhost:3000/_next/static/chunks/07yg_next_dist_0egfuq6._.js:2431
[ 3229946ms] [LOG] [Fast Refresh] done in 217ms @ http://localhost:3000/_next/static/chunks/07yg_next_dist_0egfuq6._.js:2431
[ 3230092ms] [LOG] [Fast Refresh] rebuilding @ http://localhost:3000/_next/static/chunks/07yg_next_dist_0egfuq6._.js:2431
[ 3230092ms] [LOG] [Fast Refresh] done in 110ms @ http://localhost:3000/_next/static/chunks/07yg_next_dist_0egfuq6._.js:2431
[ 3230484ms] [LOG] [Fast Refresh] rebuilding @ http://localhost:3000/_next/static/chunks/07yg_next_dist_0egfuq6._.js:2431
[ 3230578ms] [LOG] [Fast Refresh] done in 198ms @ http://localhost:3000/_next/static/chunks/07yg_next_dist_0egfuq6._.js:2431
[ 3230714ms] [LOG] [Fast Refresh] rebuilding @ http://localhost:3000/_next/static/chunks/07yg_next_dist_0egfuq6._.js:2431
[ 3230731ms] [LOG] [Fast Refresh] done in 119ms @ http://localhost:3000/_next/static/chunks/07yg_next_dist_0egfuq6._.js:2431
[ 3231069ms] [LOG] [Fast Refresh] rebuilding @ http://localhost:3000/_next/static/chunks/07yg_next_dist_0egfuq6._.js:2431
[ 3231197ms] [LOG] [Fast Refresh] done in 235ms @ http://localhost:3000/_next/static/chunks/07yg_next_dist_0egfuq6._.js:2431
[ 3231335ms] [LOG] [Fast Refresh] rebuilding @ http://localhost:3000/_next/static/chunks/07yg_next_dist_0egfuq6._.js:2431
[ 3231377ms] [LOG] [Fast Refresh] done in 143ms @ http://localhost:3000/_next/static/chunks/07yg_next_dist_0egfuq6._.js:2431
[ 3231772ms] [LOG] [Fast Refresh] rebuilding @ http://localhost:3000/_next/static/chunks/07yg_next_dist_0egfuq6._.js:2431
[ 3232113ms] [LOG] [Fast Refresh] done in 454ms @ http://localhost:3000/_next/static/chunks/07yg_next_dist_0egfuq6._.js:2431
[ 3232264ms] [LOG] [Fast Refresh] rebuilding @ http://localhost:3000/_next/static/chunks/07yg_next_dist_0egfuq6._.js:2431
[ 3232367ms] [LOG] [Fast Refresh] done in 204ms @ http://localhost:3000/_next/static/chunks/07yg_next_dist_0egfuq6._.js:2431
[ 3232697ms] [LOG] [Fast Refresh] rebuilding @ http://localhost:3000/_next/static/chunks/07yg_next_dist_0egfuq6._.js:2431
[ 3232912ms] [LOG] [Fast Refresh] done in 325ms @ http://localhost:3000/_next/static/chunks/07yg_next_dist_0egfuq6._.js:2431
[ 3233283ms] [LOG] [Fast Refresh] rebuilding @ http://localhost:3000/_next/static/chunks/07yg_next_dist_0egfuq6._.js:2431
[ 3233316ms] [LOG] [Fast Refresh] done in 141ms @ http://localhost:3000/_next/static/chunks/07yg_next_dist_0egfuq6._.js:2431
[ 3233503ms] [LOG] [Fast Refresh] rebuilding @ http://localhost:3000/_next/static/chunks/07yg_next_dist_0egfuq6._.js:2431
[ 3233675ms] [LOG] [Fast Refresh] done in 275ms @ http://localhost:3000/_next/static/chunks/07yg_next_dist_0egfuq6._.js:2431
[ 3233992ms] [LOG] [Fast Refresh] rebuilding @ http://localhost:3000/_next/static/chunks/07yg_next_dist_0egfuq6._.js:2431
[ 3234014ms] [LOG] [Fast Refresh] done in 132ms @ http://localhost:3000/_next/static/chunks/07yg_next_dist_0egfuq6._.js:2431
[ 3234241ms] [LOG] [Fast Refresh] rebuilding @ http://localhost:3000/_next/static/chunks/07yg_next_dist_0egfuq6._.js:2431
[ 3234374ms] [LOG] [Fast Refresh] done in 240ms @ http://localhost:3000/_next/static/chunks/07yg_next_dist_0egfuq6._.js:2431
[ 3276890ms] [LOG] [Fast Refresh] rebuilding @ http://localhost:3000/_next/static/chunks/07yg_next_dist_0egfuq6._.js:2431
[ 3277289ms] [LOG] [Fast Refresh] done in 509ms @ http://localhost:3000/_next/static/chunks/07yg_next_dist_0egfuq6._.js:2431
[ 3287829ms] [LOG] [Fast Refresh] rebuilding @ http://localhost:3000/_next/static/chunks/07yg_next_dist_0egfuq6._.js:2431
[ 3309935ms] [LOG] [Fast Refresh] done in 22218ms @ http://localhost:3000/_next/static/chunks/07yg_next_dist_0egfuq6._.js:2431
[ 3310228ms] [LOG] [Fast Refresh] rebuilding @ http://localhost:3000/_next/static/chunks/07yg_next_dist_0egfuq6._.js:2431
[ 3310746ms] [LOG] [Fast Refresh] done in 631ms @ http://localhost:3000/_next/static/chunks/07yg_next_dist_0egfuq6._.js:2431
[ 3311397ms] [LOG] [Fast Refresh] rebuilding @ http://localhost:3000/_next/static/chunks/07yg_next_dist_0egfuq6._.js:2431
[ 3311579ms] [LOG] [Fast Refresh] done in 284ms @ http://localhost:3000/_next/static/chunks/07yg_next_dist_0egfuq6._.js:2431
[ 3311719ms] [LOG] [Fast Refresh] rebuilding @ http://localhost:3000/_next/static/chunks/07yg_next_dist_0egfuq6._.js:2431
[ 3311843ms] [LOG] [Fast Refresh] done in 227ms @ http://localhost:3000/_next/static/chunks/07yg_next_dist_0egfuq6._.js:2431
[ 3312247ms] [LOG] [Fast Refresh] rebuilding @ http://localhost:3000/_next/static/chunks/07yg_next_dist_0egfuq6._.js:2431
[ 3312263ms] [LOG] [Fast Refresh] done in 122ms @ http://localhost:3000/_next/static/chunks/07yg_next_dist_0egfuq6._.js:2431
[ 3312559ms] [LOG] [Fast Refresh] rebuilding @ http://localhost:3000/_next/static/chunks/07yg_next_dist_0egfuq6._.js:2431
[ 3312667ms] [LOG] [Fast Refresh] done in 209ms @ http://localhost:3000/_next/static/chunks/07yg_next_dist_0egfuq6._.js:2431
[ 3313272ms] [LOG] [Fast Refresh] rebuilding @ http://localhost:3000/_next/static/chunks/07yg_next_dist_0egfuq6._.js:2431
[ 3313343ms] [LOG] [Fast Refresh] done in 179ms @ http://localhost:3000/_next/static/chunks/07yg_next_dist_0egfuq6._.js:2431
[ 3456859ms] [LOG] [Fast Refresh] rebuilding @ http://localhost:3000/_next/static/chunks/07yg_next_dist_0egfuq6._.js:2431
[ 3458069ms] [LOG] [Fast Refresh] done in 1315ms @ http://localhost:3000/_next/static/chunks/07yg_next_dist_0egfuq6._.js:2431
[ 3458341ms] [LOG] [Fast Refresh] rebuilding @ http://localhost:3000/_next/static/chunks/07yg_next_dist_0egfuq6._.js:2431
[ 3458548ms] [LOG] [Fast Refresh] done in 311ms @ http://localhost:3000/_next/static/chunks/07yg_next_dist_0egfuq6._.js:2431
[ 3459153ms] [LOG] [Fast Refresh] rebuilding @ http://localhost:3000/_next/static/chunks/07yg_next_dist_0egfuq6._.js:2431
[ 3459620ms] [LOG] [Fast Refresh] done in 577ms @ http://localhost:3000/_next/static/chunks/07yg_next_dist_0egfuq6._.js:2431
[ 3460810ms] [LOG] [Fast Refresh] rebuilding @ http://localhost:3000/_next/static/chunks/07yg_next_dist_0egfuq6._.js:2431
[ 3460979ms] [LOG] [Fast Refresh] done in 271ms @ http://localhost:3000/_next/static/chunks/07yg_next_dist_0egfuq6._.js:2431
[ 3461555ms] [LOG] [Fast Refresh] rebuilding @ http://localhost:3000/_next/static/chunks/07yg_next_dist_0egfuq6._.js:2431
[ 3461637ms] [LOG] [Fast Refresh] done in 192ms @ http://localhost:3000/_next/static/chunks/07yg_next_dist_0egfuq6._.js:2431
[ 3461977ms] [LOG] [Fast Refresh] rebuilding @ http://localhost:3000/_next/static/chunks/07yg_next_dist_0egfuq6._.js:2431
[ 3461991ms] [LOG] [Fast Refresh] done in 127ms @ http://localhost:3000/_next/static/chunks/07yg_next_dist_0egfuq6._.js:2431
[ 3471197ms] [LOG] [Fast Refresh] rebuilding @ http://localhost:3000/_next/static/chunks/07yg_next_dist_0egfuq6._.js:2431
[ 3471444ms] [LOG] [Fast Refresh] done in 360ms @ http://localhost:3000/_next/static/chunks/07yg_next_dist_0egfuq6._.js:2431
[ 3472240ms] [LOG] [Fast Refresh] rebuilding @ http://localhost:3000/_next/static/chunks/07yg_next_dist_0egfuq6._.js:2431
[ 3487753ms] [LOG] [Fast Refresh] done in 15629ms @ http://localhost:3000/_next/static/chunks/07yg_next_dist_0egfuq6._.js:2431
[ 3487857ms] [LOG] [Fast Refresh] rebuilding @ http://localhost:3000/_next/static/chunks/07yg_next_dist_0egfuq6._.js:2431
[ 3487889ms] [LOG] [Fast Refresh] done in 135ms @ http://localhost:3000/_next/static/chunks/07yg_next_dist_0egfuq6._.js:2431
[ 3488697ms] [LOG] [Fast Refresh] rebuilding @ http://localhost:3000/_next/static/chunks/07yg_next_dist_0egfuq6._.js:2431
[ 3488795ms] [LOG] [Fast Refresh] done in 211ms @ http://localhost:3000/_next/static/chunks/07yg_next_dist_0egfuq6._.js:2431
[ 3489163ms] [LOG] [Fast Refresh] rebuilding @ http://localhost:3000/_next/static/chunks/07yg_next_dist_0egfuq6._.js:2431
[ 3489247ms] [LOG] [Fast Refresh] done in 191ms @ http://localhost:3000/_next/static/chunks/07yg_next_dist_0egfuq6._.js:2431
[ 3490059ms] [LOG] [Fast Refresh] rebuilding @ http://localhost:3000/_next/static/chunks/07yg_next_dist_0egfuq6._.js:2431
[ 3491597ms] [LOG] [Fast Refresh] done in 1637ms @ http://localhost:3000/_next/static/chunks/07yg_next_dist_0egfuq6._.js:2431
[ 3491844ms] [LOG] [Fast Refresh] rebuilding @ http://localhost:3000/_next/static/chunks/07yg_next_dist_0egfuq6._.js:2431
[ 3492012ms] [LOG] [Fast Refresh] done in 275ms @ http://localhost:3000/_next/static/chunks/07yg_next_dist_0egfuq6._.js:2431
[ 3492153ms] [LOG] [Fast Refresh] rebuilding @ http://localhost:3000/_next/static/chunks/07yg_next_dist_0egfuq6._.js:2431
[ 3492549ms] [LOG] [Fast Refresh] done in 497ms @ http://localhost:3000/_next/static/chunks/07yg_next_dist_0egfuq6._.js:2431
[ 3492650ms] [LOG] [Fast Refresh] rebuilding @ http://localhost:3000/_next/static/chunks/07yg_next_dist_0egfuq6._.js:2431
[ 3492709ms] [LOG] [Fast Refresh] done in 160ms @ http://localhost:3000/_next/static/chunks/07yg_next_dist_0egfuq6._.js:2431
[ 3493021ms] [LOG] [Fast Refresh] rebuilding @ http://localhost:3000/_next/static/chunks/07yg_next_dist_0egfuq6._.js:2431
[ 3493199ms] [LOG] [Fast Refresh] done in 279ms @ http://localhost:3000/_next/static/chunks/07yg_next_dist_0egfuq6._.js:2431
[ 3493799ms] [LOG] [Fast Refresh] rebuilding @ http://localhost:3000/_next/static/chunks/07yg_next_dist_0egfuq6._.js:2431
[ 3493975ms] [LOG] [Fast Refresh] done in 288ms @ http://localhost:3000/_next/static/chunks/07yg_next_dist_0egfuq6._.js:2431
[ 3494468ms] [LOG] [Fast Refresh] rebuilding @ http://localhost:3000/_next/static/chunks/07yg_next_dist_0egfuq6._.js:2431
[ 3494623ms] [LOG] [Fast Refresh] done in 266ms @ http://localhost:3000/_next/static/chunks/07yg_next_dist_0egfuq6._.js:2431
[ 3495017ms] [LOG] [Fast Refresh] rebuilding @ http://localhost:3000/_next/static/chunks/07yg_next_dist_0egfuq6._.js:2431
[ 3495021ms] [LOG] [Fast Refresh] done in 110ms @ http://localhost:3000/_next/static/chunks/07yg_next_dist_0egfuq6._.js:2431
[ 3495171ms] [LOG] [Fast Refresh] rebuilding @ http://localhost:3000/_next/static/chunks/07yg_next_dist_0egfuq6._.js:2431
[ 3495453ms] [LOG] [Fast Refresh] done in 388ms @ http://localhost:3000/_next/static/chunks/07yg_next_dist_0egfuq6._.js:2431
[ 3496008ms] [LOG] [Fast Refresh] rebuilding @ http://localhost:3000/_next/static/chunks/07yg_next_dist_0egfuq6._.js:2431
[ 3496294ms] [LOG] [Fast Refresh] done in 399ms @ http://localhost:3000/_next/static/chunks/07yg_next_dist_0egfuq6._.js:2431
[ 3496644ms] [LOG] [Fast Refresh] rebuilding @ http://localhost:3000/_next/static/chunks/07yg_next_dist_0egfuq6._.js:2431
[ 3496813ms] [LOG] [Fast Refresh] done in 268ms @ http://localhost:3000/_next/static/chunks/07yg_next_dist_0egfuq6._.js:2431
[ 3496942ms] [LOG] [Fast Refresh] rebuilding @ http://localhost:3000/_next/static/chunks/07yg_next_dist_0egfuq6._.js:2431
[ 3497033ms] [LOG] [Fast Refresh] done in 191ms @ http://localhost:3000/_next/static/chunks/07yg_next_dist_0egfuq6._.js:2431
[ 3497443ms] [LOG] [Fast Refresh] rebuilding @ http://localhost:3000/_next/static/chunks/07yg_next_dist_0egfuq6._.js:2431
[ 3497537ms] [LOG] [Fast Refresh] done in 198ms @ http://localhost:3000/_next/static/chunks/07yg_next_dist_0egfuq6._.js:2431
[ 3498041ms] [LOG] [Fast Refresh] rebuilding @ http://localhost:3000/_next/static/chunks/07yg_next_dist_0egfuq6._.js:2431
[ 3498197ms] [LOG] [Fast Refresh] done in 257ms @ http://localhost:3000/_next/static/chunks/07yg_next_dist_0egfuq6._.js:2431
[ 3511228ms] [LOG] [Fast Refresh] rebuilding @ http://localhost:3000/_next/static/chunks/07yg_next_dist_0egfuq6._.js:2431
[ 3514067ms] [LOG] [Fast Refresh] done in 2947ms @ http://localhost:3000/_next/static/chunks/07yg_next_dist_0egfuq6._.js:2431
[ 3514318ms] [LOG] [Fast Refresh] rebuilding @ http://localhost:3000/_next/static/chunks/07yg_next_dist_0egfuq6._.js:2431
[ 3514532ms] [LOG] [Fast Refresh] done in 325ms @ http://localhost:3000/_next/static/chunks/07yg_next_dist_0egfuq6._.js:2431
[ 3514673ms] [LOG] [Fast Refresh] rebuilding @ http://localhost:3000/_next/static/chunks/07yg_next_dist_0egfuq6._.js:2431
[ 3514724ms] [LOG] [Fast Refresh] done in 154ms @ http://localhost:3000/_next/static/chunks/07yg_next_dist_0egfuq6._.js:2431
[ 3515430ms] [LOG] [Fast Refresh] rebuilding @ http://localhost:3000/_next/static/chunks/07yg_next_dist_0egfuq6._.js:2431
[ 3515864ms] [LOG] [Fast Refresh] done in 542ms @ http://localhost:3000/_next/static/chunks/07yg_next_dist_0egfuq6._.js:2431
[ 3516006ms] [LOG] [Fast Refresh] rebuilding @ http://localhost:3000/_next/static/chunks/07yg_next_dist_0egfuq6._.js:2431
[ 3516273ms] [LOG] [Fast Refresh] done in 370ms @ http://localhost:3000/_next/static/chunks/07yg_next_dist_0egfuq6._.js:2431
[ 3516938ms] [LOG] [Fast Refresh] rebuilding @ http://localhost:3000/_next/static/chunks/07yg_next_dist_0egfuq6._.js:2431
[ 3516948ms] [LOG] [Fast Refresh] done in 110ms @ http://localhost:3000/_next/static/chunks/07yg_next_dist_0egfuq6._.js:2431
[ 3517141ms] [LOG] [Fast Refresh] rebuilding @ http://localhost:3000/_next/static/chunks/07yg_next_dist_0egfuq6._.js:2431
[ 3517256ms] [LOG] [Fast Refresh] done in 218ms @ http://localhost:3000/_next/static/chunks/07yg_next_dist_0egfuq6._.js:2431
[ 3517752ms] [LOG] [Fast Refresh] rebuilding @ http://localhost:3000/_next/static/chunks/07yg_next_dist_0egfuq6._.js:2431
[ 3517896ms] [LOG] [Fast Refresh] done in 259ms @ http://localhost:3000/_next/static/chunks/07yg_next_dist_0egfuq6._.js:2431
[ 3518383ms] [LOG] [Fast Refresh] rebuilding @ http://localhost:3000/_next/static/chunks/07yg_next_dist_0egfuq6._.js:2431
[ 3518488ms] [LOG] [Fast Refresh] done in 206ms @ http://localhost:3000/_next/static/chunks/07yg_next_dist_0egfuq6._.js:2431
[ 3518982ms] [LOG] [Fast Refresh] rebuilding @ http://localhost:3000/_next/static/chunks/07yg_next_dist_0egfuq6._.js:2431
[ 3519091ms] [LOG] [Fast Refresh] done in 210ms @ http://localhost:3000/_next/static/chunks/07yg_next_dist_0egfuq6._.js:2431
[ 3519450ms] [LOG] [Fast Refresh] rebuilding @ http://localhost:3000/_next/static/chunks/07yg_next_dist_0egfuq6._.js:2431
[ 3519515ms] [LOG] [Fast Refresh] done in 182ms @ http://localhost:3000/_next/static/chunks/07yg_next_dist_0egfuq6._.js:2431
[ 3519622ms] [LOG] [Fast Refresh] rebuilding @ http://localhost:3000/_next/static/chunks/07yg_next_dist_0egfuq6._.js:2431
[ 3521256ms] [LOG] [Fast Refresh] done in 1725ms @ http://localhost:3000/_next/static/chunks/07yg_next_dist_0egfuq6._.js:2431
[ 3521510ms] [LOG] [Fast Refresh] rebuilding @ http://localhost:3000/_next/static/chunks/07yg_next_dist_0egfuq6._.js:2431
[ 3522057ms] [LOG] [Fast Refresh] done in 659ms @ http://localhost:3000/_next/static/chunks/07yg_next_dist_0egfuq6._.js:2431
[ 3522354ms] [LOG] [Fast Refresh] rebuilding @ http://localhost:3000/_next/static/chunks/07yg_next_dist_0egfuq6._.js:2431
[ 3522802ms] [LOG] [Fast Refresh] done in 556ms @ http://localhost:3000/_next/static/chunks/07yg_next_dist_0egfuq6._.js:2431
[ 3522931ms] [LOG] [Fast Refresh] rebuilding @ http://localhost:3000/_next/static/chunks/07yg_next_dist_0egfuq6._.js:2431
[ 3523138ms] [LOG] [Fast Refresh] done in 310ms @ http://localhost:3000/_next/static/chunks/07yg_next_dist_0egfuq6._.js:2431
[ 3523303ms] [LOG] [Fast Refresh] rebuilding @ http://localhost:3000/_next/static/chunks/07yg_next_dist_0egfuq6._.js:2431
[ 3523351ms] [LOG] [Fast Refresh] done in 149ms @ http://localhost:3000/_next/static/chunks/07yg_next_dist_0egfuq6._.js:2431
[ 3523765ms] [LOG] [Fast Refresh] rebuilding @ http://localhost:3000/_next/static/chunks/07yg_next_dist_0egfuq6._.js:2431
[ 3523953ms] [LOG] [Fast Refresh] done in 290ms @ http://localhost:3000/_next/static/chunks/07yg_next_dist_0egfuq6._.js:2431
[ 3524122ms] [LOG] [Fast Refresh] rebuilding @ http://localhost:3000/_next/static/chunks/07yg_next_dist_0egfuq6._.js:2431
[ 3524206ms] [LOG] [Fast Refresh] done in 189ms @ http://localhost:3000/_next/static/chunks/07yg_next_dist_0egfuq6._.js:2431
[ 3524387ms] [LOG] [Fast Refresh] rebuilding @ http://localhost:3000/_next/static/chunks/07yg_next_dist_0egfuq6._.js:2431
[ 3524526ms] [LOG] [Fast Refresh] done in 249ms @ http://localhost:3000/_next/static/chunks/07yg_next_dist_0egfuq6._.js:2431
[ 3525009ms] [LOG] [Fast Refresh] rebuilding @ http://localhost:3000/_next/static/chunks/07yg_next_dist_0egfuq6._.js:2431
[ 3525934ms] [LOG] [Fast Refresh] done in 1039ms @ http://localhost:3000/_next/static/chunks/07yg_next_dist_0egfuq6._.js:2431
[ 3526163ms] [LOG] [Fast Refresh] rebuilding @ http://localhost:3000/_next/static/chunks/07yg_next_dist_0egfuq6._.js:2431
[ 3526514ms] [LOG] [Fast Refresh] done in 457ms @ http://localhost:3000/_next/static/chunks/07yg_next_dist_0egfuq6._.js:2431
[ 3527080ms] [LOG] [Fast Refresh] rebuilding @ http://localhost:3000/_next/static/chunks/07yg_next_dist_0egfuq6._.js:2431
[ 3527218ms] [LOG] [Fast Refresh] done in 246ms @ http://localhost:3000/_next/static/chunks/07yg_next_dist_0egfuq6._.js:2431
[ 3531067ms] [LOG] [Fast Refresh] rebuilding @ http://localhost:3000/_next/static/chunks/07yg_next_dist_0egfuq6._.js:2431
[ 3532652ms] [LOG] [Fast Refresh] done in 1690ms @ http://localhost:3000/_next/static/chunks/07yg_next_dist_0egfuq6._.js:2431
[ 3532904ms] [LOG] [Fast Refresh] rebuilding @ http://localhost:3000/_next/static/chunks/07yg_next_dist_0egfuq6._.js:2431
[ 3533132ms] [LOG] [Fast Refresh] done in 330ms @ http://localhost:3000/_next/static/chunks/07yg_next_dist_0egfuq6._.js:2431
[ 3533263ms] [LOG] [Fast Refresh] rebuilding @ http://localhost:3000/_next/static/chunks/07yg_next_dist_0egfuq6._.js:2431
[ 3533731ms] [LOG] [Fast Refresh] done in 581ms @ http://localhost:3000/_next/static/chunks/07yg_next_dist_0egfuq6._.js:2431
[ 3533885ms] [LOG] [Fast Refresh] rebuilding @ http://localhost:3000/_next/static/chunks/07yg_next_dist_0egfuq6._.js:2431
[ 3533950ms] [LOG] [Fast Refresh] done in 175ms @ http://localhost:3000/_next/static/chunks/07yg_next_dist_0egfuq6._.js:2431
[ 3534102ms] [LOG] [Fast Refresh] rebuilding @ http://localhost:3000/_next/static/chunks/07yg_next_dist_0egfuq6._.js:2431
[ 3535376ms] [LOG] [Fast Refresh] done in 1385ms @ http://localhost:3000/_next/static/chunks/07yg_next_dist_0egfuq6._.js:2431
[ 3535490ms] [LOG] [Fast Refresh] rebuilding @ http://localhost:3000/_next/static/chunks/07yg_next_dist_0egfuq6._.js:2431
[ 3535711ms] [LOG] [Fast Refresh] done in 322ms @ http://localhost:3000/_next/static/chunks/07yg_next_dist_0egfuq6._.js:2431
[ 3535895ms] [LOG] [Fast Refresh] rebuilding @ http://localhost:3000/_next/static/chunks/07yg_next_dist_0egfuq6._.js:2431
[ 3535963ms] [LOG] [Fast Refresh] done in 182ms @ http://localhost:3000/_next/static/chunks/07yg_next_dist_0egfuq6._.js:2431
[ 3536348ms] [LOG] [Fast Refresh] rebuilding @ http://localhost:3000/_next/static/chunks/07yg_next_dist_0egfuq6._.js:2431
[ 3536504ms] [LOG] [Fast Refresh] done in 272ms @ http://localhost:3000/_next/static/chunks/07yg_next_dist_0egfuq6._.js:2431
[ 3536831ms] [LOG] [Fast Refresh] rebuilding @ http://localhost:3000/_next/static/chunks/07yg_next_dist_0egfuq6._.js:2431
[ 3536937ms] [LOG] [Fast Refresh] done in 207ms @ http://localhost:3000/_next/static/chunks/07yg_next_dist_0egfuq6._.js:2431
[ 3537218ms] [LOG] [Fast Refresh] rebuilding @ http://localhost:3000/_next/static/chunks/07yg_next_dist_0egfuq6._.js:2431
[ 3537310ms] [LOG] [Fast Refresh] done in 194ms @ http://localhost:3000/_next/static/chunks/07yg_next_dist_0egfuq6._.js:2431
[ 3537452ms] [LOG] [Fast Refresh] rebuilding @ http://localhost:3000/_next/static/chunks/07yg_next_dist_0egfuq6._.js:2431
[ 3537543ms] [LOG] [Fast Refresh] done in 203ms @ http://localhost:3000/_next/static/chunks/07yg_next_dist_0egfuq6._.js:2431
[ 3537686ms] [LOG] [Fast Refresh] rebuilding @ http://localhost:3000/_next/static/chunks/07yg_next_dist_0egfuq6._.js:2431
[ 3537874ms] [LOG] [Fast Refresh] done in 292ms @ http://localhost:3000/_next/static/chunks/07yg_next_dist_0egfuq6._.js:2431
[ 3538157ms] [LOG] [Fast Refresh] rebuilding @ http://localhost:3000/_next/static/chunks/07yg_next_dist_0egfuq6._.js:2431
[ 3538361ms] [LOG] [Fast Refresh] done in 312ms @ http://localhost:3000/_next/static/chunks/07yg_next_dist_0egfuq6._.js:2431
[ 3538511ms] [LOG] [Fast Refresh] rebuilding @ http://localhost:3000/_next/static/chunks/07yg_next_dist_0egfuq6._.js:2431
[ 3538976ms] [LOG] [Fast Refresh] done in 578ms @ http://localhost:3000/_next/static/chunks/07yg_next_dist_0egfuq6._.js:2431
[ 3547916ms] [LOG] [Fast Refresh] rebuilding @ http://localhost:3000/_next/static/chunks/07yg_next_dist_0egfuq6._.js:2431
[ 3549388ms] [LOG] [Fast Refresh] done in 1570ms @ http://localhost:3000/_next/static/chunks/07yg_next_dist_0egfuq6._.js:2431
[ 3549647ms] [LOG] [Fast Refresh] rebuilding @ http://localhost:3000/_next/static/chunks/07yg_next_dist_0egfuq6._.js:2431
[ 3549884ms] [LOG] [Fast Refresh] done in 348ms @ http://localhost:3000/_next/static/chunks/07yg_next_dist_0egfuq6._.js:2431
[ 3550083ms] [LOG] [Fast Refresh] rebuilding @ http://localhost:3000/_next/static/chunks/07yg_next_dist_0egfuq6._.js:2431
[ 3550133ms] [LOG] [Fast Refresh] done in 151ms @ http://localhost:3000/_next/static/chunks/07yg_next_dist_0egfuq6._.js:2431
[ 3550410ms] [LOG] [Fast Refresh] rebuilding @ http://localhost:3000/_next/static/chunks/07yg_next_dist_0egfuq6._.js:2431
[ 3550834ms] [LOG] [Fast Refresh] done in 539ms @ http://localhost:3000/_next/static/chunks/07yg_next_dist_0egfuq6._.js:2431
[ 3551794ms] [LOG] [Fast Refresh] rebuilding @ http://localhost:3000/_next/static/chunks/07yg_next_dist_0egfuq6._.js:2431
[ 3551944ms] [LOG] [Fast Refresh] done in 250ms @ http://localhost:3000/_next/static/chunks/07yg_next_dist_0egfuq6._.js:2431
[ 3552443ms] [LOG] [Fast Refresh] rebuilding @ http://localhost:3000/_next/static/chunks/07yg_next_dist_0egfuq6._.js:2431
[ 3552516ms] [LOG] [Fast Refresh] done in 178ms @ http://localhost:3000/_next/static/chunks/07yg_next_dist_0egfuq6._.js:2431
[ 3552930ms] [LOG] [Fast Refresh] rebuilding @ http://localhost:3000/_next/static/chunks/07yg_next_dist_0egfuq6._.js:2431
[ 3553027ms] [LOG] [Fast Refresh] done in 208ms @ http://localhost:3000/_next/static/chunks/07yg_next_dist_0egfuq6._.js:2431
[ 3553598ms] [LOG] [Fast Refresh] rebuilding @ http://localhost:3000/_next/static/chunks/07yg_next_dist_0egfuq6._.js:2431
[ 3553739ms] [LOG] [Fast Refresh] done in 251ms @ http://localhost:3000/_next/static/chunks/07yg_next_dist_0egfuq6._.js:2431
[ 3553870ms] [LOG] [Fast Refresh] rebuilding @ http://localhost:3000/_next/static/chunks/07yg_next_dist_0egfuq6._.js:2431
[ 3553870ms] [LOG] [Fast Refresh] done in 104ms @ http://localhost:3000/_next/static/chunks/07yg_next_dist_0egfuq6._.js:2431
[ 3554303ms] [LOG] [Fast Refresh] rebuilding @ http://localhost:3000/_next/static/chunks/07yg_next_dist_0egfuq6._.js:2431
[ 3554656ms] [LOG] [Fast Refresh] done in 457ms @ http://localhost:3000/_next/static/chunks/07yg_next_dist_0egfuq6._.js:2431
[ 3555341ms] [LOG] [Fast Refresh] rebuilding @ http://localhost:3000/_next/static/chunks/07yg_next_dist_0egfuq6._.js:2431
[ 3555360ms] [LOG] [Fast Refresh] done in 129ms @ http://localhost:3000/_next/static/chunks/07yg_next_dist_0egfuq6._.js:2431
[ 3580032ms] [LOG] [Fast Refresh] rebuilding @ http://localhost:3000/_next/static/chunks/07yg_next_dist_0egfuq6._.js:2431
[ 3581730ms] [LOG] [Fast Refresh] done in 1790ms @ http://localhost:3000/_next/static/chunks/07yg_next_dist_0egfuq6._.js:2431
[ 3582394ms] [LOG] [Fast Refresh] rebuilding @ http://localhost:3000/_next/static/chunks/07yg_next_dist_0egfuq6._.js:2431
[ 3582421ms] [LOG] [Fast Refresh] done in 127ms @ http://localhost:3000/_next/static/chunks/07yg_next_dist_0egfuq6._.js:2431
[ 3582602ms] [LOG] [Fast Refresh] rebuilding @ http://localhost:3000/_next/static/chunks/07yg_next_dist_0egfuq6._.js:2431
[ 3582968ms] [LOG] [Fast Refresh] done in 467ms @ http://localhost:3000/_next/static/chunks/07yg_next_dist_0egfuq6._.js:2431
[ 3583107ms] [LOG] [Fast Refresh] rebuilding @ http://localhost:3000/_next/static/chunks/07yg_next_dist_0egfuq6._.js:2431
[ 3583297ms] [LOG] [Fast Refresh] done in 297ms @ http://localhost:3000/_next/static/chunks/07yg_next_dist_0egfuq6._.js:2431
[ 3584191ms] [LOG] [Fast Refresh] rebuilding @ http://localhost:3000/_next/static/chunks/07yg_next_dist_0egfuq6._.js:2431
[ 3584214ms] [LOG] [Fast Refresh] done in 126ms @ http://localhost:3000/_next/static/chunks/07yg_next_dist_0egfuq6._.js:2431
[ 3584960ms] [LOG] [Fast Refresh] rebuilding @ http://localhost:3000/_next/static/chunks/07yg_next_dist_0egfuq6._.js:2431
[ 3585024ms] [LOG] [Fast Refresh] done in 175ms @ http://localhost:3000/_next/static/chunks/07yg_next_dist_0egfuq6._.js:2431
[ 3585491ms] [LOG] [Fast Refresh] rebuilding @ http://localhost:3000/_next/static/chunks/07yg_next_dist_0egfuq6._.js:2431
[ 3585603ms] [LOG] [Fast Refresh] done in 222ms @ http://localhost:3000/_next/static/chunks/07yg_next_dist_0egfuq6._.js:2431
[ 3586127ms] [LOG] [Fast Refresh] rebuilding @ http://localhost:3000/_next/static/chunks/07yg_next_dist_0egfuq6._.js:2431
[ 3586205ms] [LOG] [Fast Refresh] done in 186ms @ http://localhost:3000/_next/static/chunks/07yg_next_dist_0egfuq6._.js:2431
[ 3586805ms] [LOG] [Fast Refresh] rebuilding @ http://localhost:3000/_next/static/chunks/07yg_next_dist_0egfuq6._.js:2431
[ 3587236ms] [LOG] [Fast Refresh] done in 545ms @ http://localhost:3000/_next/static/chunks/07yg_next_dist_0egfuq6._.js:2431
[ 3587758ms] [LOG] [Fast Refresh] rebuilding @ http://localhost:3000/_next/static/chunks/07yg_next_dist_0egfuq6._.js:2431
[ 3587829ms] [LOG] [Fast Refresh] done in 186ms @ http://localhost:3000/_next/static/chunks/07yg_next_dist_0egfuq6._.js:2431
[ 3598087ms] [LOG] [Fast Refresh] rebuilding @ http://localhost:3000/_next/static/chunks/07yg_next_dist_0egfuq6._.js:2431
[ 3598734ms] [LOG] [Fast Refresh] done in 763ms @ http://localhost:3000/_next/static/chunks/07yg_next_dist_0egfuq6._.js:2431
[ 3601939ms] [LOG] [Fast Refresh] rebuilding @ http://localhost:3000/_next/static/chunks/07yg_next_dist_0egfuq6._.js:2431
[ 3602087ms] [LOG] [Fast Refresh] done in 253ms @ http://localhost:3000/_next/static/chunks/07yg_next_dist_0egfuq6._.js:2431
[ 3602786ms] [LOG] [Fast Refresh] rebuilding @ http://localhost:3000/_next/static/chunks/07yg_next_dist_0egfuq6._.js:2431
[ 3602962ms] [LOG] [Fast Refresh] done in 280ms @ http://localhost:3000/_next/static/chunks/07yg_next_dist_0egfuq6._.js:2431
[ 3606547ms] [LOG] [Fast Refresh] rebuilding @ http://localhost:3000/_next/static/chunks/07yg_next_dist_0egfuq6._.js:2431
[ 3609107ms] [LOG] [Fast Refresh] done in 2666ms @ http://localhost:3000/_next/static/chunks/07yg_next_dist_0egfuq6._.js:2431
[ 3609470ms] [LOG] [Fast Refresh] rebuilding @ http://localhost:3000/_next/static/chunks/07yg_next_dist_0egfuq6._.js:2431
[ 3609734ms] [LOG] [Fast Refresh] done in 376ms @ http://localhost:3000/_next/static/chunks/07yg_next_dist_0egfuq6._.js:2431
[ 3609860ms] [LOG] [Fast Refresh] rebuilding @ http://localhost:3000/_next/static/chunks/07yg_next_dist_0egfuq6._.js:2431
[ 3610902ms] [LOG] [Fast Refresh] done in 1146ms @ http://localhost:3000/_next/static/chunks/07yg_next_dist_0egfuq6._.js:2431
[ 3611086ms] [LOG] [Fast Refresh] rebuilding @ http://localhost:3000/_next/static/chunks/07yg_next_dist_0egfuq6._.js:2431
[ 3611135ms] [LOG] [Fast Refresh] done in 152ms @ http://localhost:3000/_next/static/chunks/07yg_next_dist_0egfuq6._.js:2431
[ 3611426ms] [LOG] [Fast Refresh] rebuilding @ http://localhost:3000/_next/static/chunks/07yg_next_dist_0egfuq6._.js:2431
[ 3611478ms] [LOG] [Fast Refresh] done in 154ms @ http://localhost:3000/_next/static/chunks/07yg_next_dist_0egfuq6._.js:2431
[ 3611596ms] [LOG] [Fast Refresh] rebuilding @ http://localhost:3000/_next/static/chunks/07yg_next_dist_0egfuq6._.js:2431
[ 3612036ms] [LOG] [Fast Refresh] done in 542ms @ http://localhost:3000/_next/static/chunks/07yg_next_dist_0egfuq6._.js:2431
[ 3612659ms] [LOG] [Fast Refresh] rebuilding @ http://localhost:3000/_next/static/chunks/07yg_next_dist_0egfuq6._.js:2431
[ 3612751ms] [LOG] [Fast Refresh] done in 200ms @ http://localhost:3000/_next/static/chunks/07yg_next_dist_0egfuq6._.js:2431
[ 3612878ms] [LOG] [Fast Refresh] rebuilding @ http://localhost:3000/_next/static/chunks/07yg_next_dist_0egfuq6._.js:2431
[ 3613056ms] [LOG] [Fast Refresh] done in 284ms @ http://localhost:3000/_next/static/chunks/07yg_next_dist_0egfuq6._.js:2431
[ 3613590ms] [LOG] [Fast Refresh] rebuilding @ http://localhost:3000/_next/static/chunks/07yg_next_dist_0egfuq6._.js:2431
[ 3615128ms] [LOG] [Fast Refresh] done in 1645ms @ http://localhost:3000/_next/static/chunks/07yg_next_dist_0egfuq6._.js:2431
[ 3615584ms] [LOG] [Fast Refresh] rebuilding @ http://localhost:3000/_next/static/chunks/07yg_next_dist_0egfuq6._.js:2431
[ 3616352ms] [LOG] [Fast Refresh] done in 872ms @ http://localhost:3000/_next/static/chunks/07yg_next_dist_0egfuq6._.js:2431
[ 3616543ms] [LOG] [Fast Refresh] rebuilding @ http://localhost:3000/_next/static/chunks/07yg_next_dist_0egfuq6._.js:2431
[ 3616699ms] [LOG] [Fast Refresh] done in 264ms @ http://localhost:3000/_next/static/chunks/07yg_next_dist_0egfuq6._.js:2431
[ 3617052ms] [LOG] [Fast Refresh] rebuilding @ http://localhost:3000/_next/static/chunks/07yg_next_dist_0egfuq6._.js:2431
[ 3617233ms] [LOG] [Fast Refresh] done in 285ms @ http://localhost:3000/_next/static/chunks/07yg_next_dist_0egfuq6._.js:2431
[ 3617399ms] [LOG] [Fast Refresh] rebuilding @ http://localhost:3000/_next/static/chunks/07yg_next_dist_0egfuq6._.js:2431
[ 3617856ms] [LOG] [Fast Refresh] done in 564ms @ http://localhost:3000/_next/static/chunks/07yg_next_dist_0egfuq6._.js:2431
[ 3618055ms] [LOG] [Fast Refresh] rebuilding @ http://localhost:3000/_next/static/chunks/07yg_next_dist_0egfuq6._.js:2431
[ 3619943ms] [LOG] [Fast Refresh] done in 1993ms @ http://localhost:3000/_next/static/chunks/07yg_next_dist_0egfuq6._.js:2431
[ 3637572ms] [LOG] [Fast Refresh] rebuilding @ http://localhost:3000/_next/static/chunks/07yg_next_dist_0egfuq6._.js:2431
[ 3638999ms] [LOG] [Fast Refresh] done in 1515ms @ http://localhost:3000/_next/static/chunks/07yg_next_dist_0egfuq6._.js:2431
[ 3639272ms] [LOG] [Fast Refresh] rebuilding @ http://localhost:3000/_next/static/chunks/07yg_next_dist_0egfuq6._.js:2431
[ 3639468ms] [LOG] [Fast Refresh] done in 312ms @ http://localhost:3000/_next/static/chunks/07yg_next_dist_0egfuq6._.js:2431
[ 3639626ms] [LOG] [Fast Refresh] rebuilding @ http://localhost:3000/_next/static/chunks/07yg_next_dist_0egfuq6._.js:2431
[ 3639702ms] [LOG] [Fast Refresh] done in 177ms @ http://localhost:3000/_next/static/chunks/07yg_next_dist_0egfuq6._.js:2431
[ 3639831ms] [LOG] [Fast Refresh] rebuilding @ http://localhost:3000/_next/static/chunks/07yg_next_dist_0egfuq6._.js:2431
[ 3640209ms] [LOG] [Fast Refresh] done in 484ms @ http://localhost:3000/_next/static/chunks/07yg_next_dist_0egfuq6._.js:2431
[ 3640329ms] [LOG] [Fast Refresh] rebuilding @ http://localhost:3000/_next/static/chunks/07yg_next_dist_0egfuq6._.js:2431
[ 3640669ms] [LOG] [Fast Refresh] done in 448ms @ http://localhost:3000/_next/static/chunks/07yg_next_dist_0egfuq6._.js:2431
[ 3641330ms] [LOG] [Fast Refresh] rebuilding @ http://localhost:3000/_next/static/chunks/07yg_next_dist_0egfuq6._.js:2431
[ 3641453ms] [LOG] [Fast Refresh] done in 225ms @ http://localhost:3000/_next/static/chunks/07yg_next_dist_0egfuq6._.js:2431
[ 3641757ms] [LOG] [Fast Refresh] rebuilding @ http://localhost:3000/_next/static/chunks/07yg_next_dist_0egfuq6._.js:2431
[ 3641885ms] [LOG] [Fast Refresh] done in 234ms @ http://localhost:3000/_next/static/chunks/07yg_next_dist_0egfuq6._.js:2431
[ 3642016ms] [LOG] [Fast Refresh] rebuilding @ http://localhost:3000/_next/static/chunks/07yg_next_dist_0egfuq6._.js:2431
[ 3642134ms] [LOG] [Fast Refresh] done in 225ms @ http://localhost:3000/_next/static/chunks/07yg_next_dist_0egfuq6._.js:2431
[ 3642499ms] [LOG] [Fast Refresh] rebuilding @ http://localhost:3000/_next/static/chunks/07yg_next_dist_0egfuq6._.js:2431
[ 3642617ms] [LOG] [Fast Refresh] done in 220ms @ http://localhost:3000/_next/static/chunks/07yg_next_dist_0egfuq6._.js:2431
[ 3642749ms] [LOG] [Fast Refresh] rebuilding @ http://localhost:3000/_next/static/chunks/07yg_next_dist_0egfuq6._.js:2431
[ 3642895ms] [LOG] [Fast Refresh] done in 255ms @ http://localhost:3000/_next/static/chunks/07yg_next_dist_0egfuq6._.js:2431
[ 3643221ms] [LOG] [Fast Refresh] rebuilding @ http://localhost:3000/_next/static/chunks/07yg_next_dist_0egfuq6._.js:2431
[ 3643372ms] [LOG] [Fast Refresh] done in 266ms @ http://localhost:3000/_next/static/chunks/07yg_next_dist_0egfuq6._.js:2431
[ 3643503ms] [LOG] [Fast Refresh] rebuilding @ http://localhost:3000/_next/static/chunks/07yg_next_dist_0egfuq6._.js:2431
[ 3643634ms] [LOG] [Fast Refresh] done in 243ms @ http://localhost:3000/_next/static/chunks/07yg_next_dist_0egfuq6._.js:2431
[ 3643943ms] [LOG] [Fast Refresh] rebuilding @ http://localhost:3000/_next/static/chunks/07yg_next_dist_0egfuq6._.js:2431
[ 3644080ms] [LOG] [Fast Refresh] done in 251ms @ http://localhost:3000/_next/static/chunks/07yg_next_dist_0egfuq6._.js:2431
[ 3644222ms] [LOG] [Fast Refresh] rebuilding @ http://localhost:3000/_next/static/chunks/07yg_next_dist_0egfuq6._.js:2431
[ 3644367ms] [LOG] [Fast Refresh] done in 259ms @ http://localhost:3000/_next/static/chunks/07yg_next_dist_0egfuq6._.js:2431
[ 3644656ms] [LOG] [Fast Refresh] rebuilding @ http://localhost:3000/_next/static/chunks/07yg_next_dist_0egfuq6._.js:2431
[ 3644821ms] [LOG] [Fast Refresh] done in 268ms @ http://localhost:3000/_next/static/chunks/07yg_next_dist_0egfuq6._.js:2431
[ 3644965ms] [LOG] [Fast Refresh] rebuilding @ http://localhost:3000/_next/static/chunks/07yg_next_dist_0egfuq6._.js:2431
[ 3645086ms] [LOG] [Fast Refresh] done in 227ms @ http://localhost:3000/_next/static/chunks/07yg_next_dist_0egfuq6._.js:2431
[ 3645357ms] [LOG] [Fast Refresh] rebuilding @ http://localhost:3000/_next/static/chunks/07yg_next_dist_0egfuq6._.js:2431
[ 3645490ms] [LOG] [Fast Refresh] done in 239ms @ http://localhost:3000/_next/static/chunks/07yg_next_dist_0egfuq6._.js:2431
[ 3650125ms] [LOG] [Fast Refresh] rebuilding @ http://localhost:3000/_next/static/chunks/07yg_next_dist_0egfuq6._.js:2431
[ 3650215ms] [LOG] [Fast Refresh] done in 203ms @ http://localhost:3000/_next/static/chunks/07yg_next_dist_0egfuq6._.js:2431
[ 3808318ms] [LOG] [Fast Refresh] rebuilding @ http://localhost:3000/_next/static/chunks/07yg_next_dist_0egfuq6._.js:2431
[ 3809821ms] [LOG] [Fast Refresh] done in 1594ms @ http://localhost:3000/_next/static/chunks/07yg_next_dist_0egfuq6._.js:2431
[ 3810100ms] [LOG] [Fast Refresh] rebuilding @ http://localhost:3000/_next/static/chunks/07yg_next_dist_0egfuq6._.js:2431
[ 3810321ms] [LOG] [Fast Refresh] done in 332ms @ http://localhost:3000/_next/static/chunks/07yg_next_dist_0egfuq6._.js:2431
[ 3811158ms] [LOG] [Fast Refresh] rebuilding @ http://localhost:3000/_next/static/chunks/07yg_next_dist_0egfuq6._.js:2431
[ 3811507ms] [LOG] [Fast Refresh] done in 461ms @ http://localhost:3000/_next/static/chunks/07yg_next_dist_0egfuq6._.js:2431
[ 3813106ms] [LOG] [Fast Refresh] rebuilding @ http://localhost:3000/_next/static/chunks/07yg_next_dist_0egfuq6._.js:2431
[ 3813262ms] [LOG] [Fast Refresh] done in 270ms @ http://localhost:3000/_next/static/chunks/07yg_next_dist_0egfuq6._.js:2431
[ 3813395ms] [LOG] [Fast Refresh] rebuilding @ http://localhost:3000/_next/static/chunks/07yg_next_dist_0egfuq6._.js:2431
[ 3813488ms] [LOG] [Fast Refresh] done in 200ms @ http://localhost:3000/_next/static/chunks/07yg_next_dist_0egfuq6._.js:2431
[ 3824979ms] [LOG] [Fast Refresh] rebuilding @ http://localhost:3000/_next/static/chunks/07yg_next_dist_0egfuq6._.js:2431
[ 3825136ms] [LOG] [Fast Refresh] done in 268ms @ http://localhost:3000/_next/static/chunks/07yg_next_dist_0egfuq6._.js:2431
[ 3842428ms] [ERROR] Failed to load resource: net::ERR_NETWORK_IO_SUSPENDED @ http://localhost:3000/crm/today?filter=all:0
[ 3842430ms] [ERROR] Failed to load resource: net::ERR_NETWORK_IO_SUSPENDED @ http://localhost:3000/crm/today?filter=all:0
[ 6874202ms] [LOG] [HMR] connected @ http://localhost:3000/_next/static/chunks/07yg_next_dist_0egfuq6._.js:2431
[ 6889091ms] [LOG] [Fast Refresh] rebuilding @ http://localhost:3000/_next/static/chunks/07yg_next_dist_0egfuq6._.js:2431
[ 6889865ms] [LOG] [Fast Refresh] done in 882ms @ http://localhost:3000/_next/static/chunks/07yg_next_dist_0egfuq6._.js:2431
[ 6891000ms] [LOG] [Fast Refresh] rebuilding @ http://localhost:3000/_next/static/chunks/07yg_next_dist_0egfuq6._.js:2431
[ 6891274ms] [LOG] [Fast Refresh] done in 390ms @ http://localhost:3000/_next/static/chunks/07yg_next_dist_0egfuq6._.js:2431
[ 6953564ms] [LOG] [Fast Refresh] rebuilding @ http://localhost:3000/_next/static/chunks/07yg_next_dist_0egfuq6._.js:2431
[ 6957069ms] [LOG] [Fast Refresh] done in 3614ms @ http://localhost:3000/_next/static/chunks/07yg_next_dist_0egfuq6._.js:2431
[ 6957452ms] [LOG] [Fast Refresh] rebuilding @ http://localhost:3000/_next/static/chunks/07yg_next_dist_0egfuq6._.js:2431
[ 6957733ms] [LOG] [Fast Refresh] done in 394ms @ http://localhost:3000/_next/static/chunks/07yg_next_dist_0egfuq6._.js:2431
[ 6957889ms] [LOG] [Fast Refresh] rebuilding @ http://localhost:3000/_next/static/chunks/07yg_next_dist_0egfuq6._.js:2431
[ 6957955ms] [LOG] [Fast Refresh] done in 181ms @ http://localhost:3000/_next/static/chunks/07yg_next_dist_0egfuq6._.js:2431
[ 6958089ms] [LOG] [Fast Refresh] rebuilding @ http://localhost:3000/_next/static/chunks/07yg_next_dist_0egfuq6._.js:2431
[ 6958679ms] [LOG] [Fast Refresh] done in 698ms @ http://localhost:3000/_next/static/chunks/07yg_next_dist_0egfuq6._.js:2431
[ 6959879ms] [LOG] [Fast Refresh] rebuilding @ http://localhost:3000/_next/static/chunks/07yg_next_dist_0egfuq6._.js:2431
[ 6960007ms] [LOG] [Fast Refresh] done in 230ms @ http://localhost:3000/_next/static/chunks/07yg_next_dist_0egfuq6._.js:2431
[ 6960816ms] [LOG] [Fast Refresh] rebuilding @ http://localhost:3000/_next/static/chunks/07yg_next_dist_0egfuq6._.js:2431
[ 6960926ms] [LOG] [Fast Refresh] done in 221ms @ http://localhost:3000/_next/static/chunks/07yg_next_dist_0egfuq6._.js:2431
[ 6961048ms] [LOG] [Fast Refresh] rebuilding @ http://localhost:3000/_next/static/chunks/07yg_next_dist_0egfuq6._.js:2431
[ 6961064ms] [LOG] [Fast Refresh] done in 118ms @ http://localhost:3000/_next/static/chunks/07yg_next_dist_0egfuq6._.js:2431
[ 6961467ms] [LOG] [Fast Refresh] rebuilding @ http://localhost:3000/_next/static/chunks/07yg_next_dist_0egfuq6._.js:2431
[ 6961595ms] [LOG] [Fast Refresh] done in 236ms @ http://localhost:3000/_next/static/chunks/07yg_next_dist_0egfuq6._.js:2431
[ 6961717ms] [LOG] [Fast Refresh] rebuilding @ http://localhost:3000/_next/static/chunks/07yg_next_dist_0egfuq6._.js:2431
[ 6961723ms] [LOG] [Fast Refresh] done in 109ms @ http://localhost:3000/_next/static/chunks/07yg_next_dist_0egfuq6._.js:2431
[ 6962119ms] [LOG] [Fast Refresh] rebuilding @ http://localhost:3000/_next/static/chunks/07yg_next_dist_0egfuq6._.js:2431
[ 6962245ms] [LOG] [Fast Refresh] done in 231ms @ http://localhost:3000/_next/static/chunks/07yg_next_dist_0egfuq6._.js:2431
[ 6962399ms] [LOG] [Fast Refresh] rebuilding @ http://localhost:3000/_next/static/chunks/07yg_next_dist_0egfuq6._.js:2431
[ 6962400ms] [LOG] [Fast Refresh] done in 114ms @ http://localhost:3000/_next/static/chunks/07yg_next_dist_0egfuq6._.js:2431
[ 6962945ms] [LOG] [Fast Refresh] rebuilding @ http://localhost:3000/_next/static/chunks/07yg_next_dist_0egfuq6._.js:2431
[ 6963053ms] [LOG] [Fast Refresh] done in 217ms @ http://localhost:3000/_next/static/chunks/07yg_next_dist_0egfuq6._.js:2431
[ 6963457ms] [LOG] [Fast Refresh] rebuilding @ http://localhost:3000/_next/static/chunks/07yg_next_dist_0egfuq6._.js:2431
[ 6963493ms] [LOG] [Fast Refresh] done in 138ms @ http://localhost:3000/_next/static/chunks/07yg_next_dist_0egfuq6._.js:2431
[ 6963740ms] [LOG] [Fast Refresh] rebuilding @ http://localhost:3000/_next/static/chunks/07yg_next_dist_0egfuq6._.js:2431
[ 6963887ms] [LOG] [Fast Refresh] done in 253ms @ http://localhost:3000/_next/static/chunks/07yg_next_dist_0egfuq6._.js:2431
[ 6964508ms] [LOG] [Fast Refresh] rebuilding @ http://localhost:3000/_next/static/chunks/07yg_next_dist_0egfuq6._.js:2431
[ 6964543ms] [LOG] [Fast Refresh] done in 138ms @ http://localhost:3000/_next/static/chunks/07yg_next_dist_0egfuq6._.js:2431
[ 6977040ms] [LOG] [Fast Refresh] rebuilding @ http://localhost:3000/_next/static/chunks/07yg_next_dist_0egfuq6._.js:2431
[ 6977773ms] [LOG] [Fast Refresh] done in 844ms @ http://localhost:3000/_next/static/chunks/07yg_next_dist_0egfuq6._.js:2431
[ 6978007ms] [LOG] [Fast Refresh] rebuilding @ http://localhost:3000/_next/static/chunks/07yg_next_dist_0egfuq6._.js:2431
[ 6978192ms] [LOG] [Fast Refresh] done in 300ms @ http://localhost:3000/_next/static/chunks/07yg_next_dist_0egfuq6._.js:2431
[ 6979071ms] [LOG] [Fast Refresh] rebuilding @ http://localhost:3000/_next/static/chunks/07yg_next_dist_0egfuq6._.js:2431
[ 6979428ms] [LOG] [Fast Refresh] done in 466ms @ http://localhost:3000/_next/static/chunks/07yg_next_dist_0egfuq6._.js:2431
[ 6979555ms] [LOG] [Fast Refresh] rebuilding @ http://localhost:3000/_next/static/chunks/07yg_next_dist_0egfuq6._.js:2431
[ 6979981ms] [LOG] [Fast Refresh] done in 530ms @ http://localhost:3000/_next/static/chunks/07yg_next_dist_0egfuq6._.js:2431
[ 6980442ms] [LOG] [Fast Refresh] rebuilding @ http://localhost:3000/_next/static/chunks/07yg_next_dist_0egfuq6._.js:2431
[ 6980507ms] [LOG] [Fast Refresh] done in 167ms @ http://localhost:3000/_next/static/chunks/07yg_next_dist_0egfuq6._.js:2431
[ 7013593ms] [LOG] [Fast Refresh] rebuilding @ http://localhost:3000/_next/static/chunks/07yg_next_dist_0egfuq6._.js:2431
[ 7013823ms] [LOG] [Fast Refresh] done in 340ms @ http://localhost:3000/_next/static/chunks/07yg_next_dist_0egfuq6._.js:2431
[ 7028640ms] [LOG] [Fast Refresh] rebuilding @ http://localhost:3000/_next/static/chunks/07yg_next_dist_0egfuq6._.js:2431
[ 7028870ms] [LOG] [Fast Refresh] done in 333ms @ http://localhost:3000/_next/static/chunks/07yg_next_dist_0egfuq6._.js:2431
[ 7031878ms] [LOG] [Fast Refresh] rebuilding @ http://localhost:3000/_next/static/chunks/07yg_next_dist_0egfuq6._.js:2431
[ 7031925ms] [LOG] [Fast Refresh] done in 152ms @ http://localhost:3000/_next/static/chunks/07yg_next_dist_0egfuq6._.js:2431
[ 7044676ms] [LOG] [Fast Refresh] rebuilding @ http://localhost:3000/_next/static/chunks/07yg_next_dist_0egfuq6._.js:2431
[ 7048658ms] [LOG] [Fast Refresh] done in 1469ms @ http://localhost:3000/_next/static/chunks/07yg_next_dist_0egfuq6._.js:2431
[ 7130047ms] [LOG] [Fast Refresh] rebuilding @ http://localhost:3000/_next/static/chunks/07yg_next_dist_0egfuq6._.js:2431
[ 7130401ms] [LOG] [Fast Refresh] done in 468ms @ http://localhost:3000/_next/static/chunks/07yg_next_dist_0egfuq6._.js:2431
[ 7164860ms] [LOG] [Fast Refresh] rebuilding @ http://localhost:3000/_next/static/chunks/07yg_next_dist_0egfuq6._.js:2431
[ 7165210ms] [LOG] [Fast Refresh] done in 452ms @ http://localhost:3000/_next/static/chunks/07yg_next_dist_0egfuq6._.js:2431
[ 7165485ms] [LOG] [Fast Refresh] rebuilding @ http://localhost:3000/_next/static/chunks/07yg_next_dist_0egfuq6._.js:2431
[ 7165689ms] [LOG] [Fast Refresh] done in 316ms @ http://localhost:3000/_next/static/chunks/07yg_next_dist_0egfuq6._.js:2431
[ 7166352ms] [LOG] [Fast Refresh] rebuilding @ http://localhost:3000/_next/static/chunks/07yg_next_dist_0egfuq6._.js:2431
[ 7166724ms] [LOG] [Fast Refresh] done in 475ms @ http://localhost:3000/_next/static/chunks/07yg_next_dist_0egfuq6._.js:2431
[ 7166847ms] [LOG] [Fast Refresh] rebuilding @ http://localhost:3000/_next/static/chunks/07yg_next_dist_0egfuq6._.js:2431
[ 7166847ms] [LOG] [Fast Refresh] done in 103ms @ http://localhost:3000/_next/static/chunks/07yg_next_dist_0egfuq6._.js:2431
[ 7345182ms] [LOG] [Fast Refresh] rebuilding @ http://localhost:3000/_next/static/chunks/07yg_next_dist_0egfuq6._.js:2431
[ 7345391ms] [LOG] [Fast Refresh] done in 322ms @ http://localhost:3000/_next/static/chunks/07yg_next_dist_0egfuq6._.js:2431
[ 7363847ms] [LOG] [Fast Refresh] rebuilding @ http://localhost:3000/_next/static/chunks/07yg_next_dist_0egfuq6._.js:2431
[ 7363856ms] [LOG] [Fast Refresh] done in 119ms @ http://localhost:3000/_next/static/chunks/07yg_next_dist_0egfuq6._.js:2431
[ 8196175ms] [LOG] [HMR] connected @ http://localhost:3000/_next/static/chunks/07yg_next_dist_0egfuq6._.js:2431
[ 8196287ms] [LOG] [Fast Refresh] rebuilding @ http://localhost:3000/_next/static/chunks/07yg_next_dist_0egfuq6._.js:2431
[ 8197375ms] [LOG] [Fast Refresh] done in 1191ms @ http://localhost:3000/_next/static/chunks/07yg_next_dist_0egfuq6._.js:2431
[ 8303254ms] [LOG] [Fast Refresh] rebuilding @ http://localhost:3000/_next/static/chunks/07yg_next_dist_0egfuq6._.js:2431
[ 8303676ms] [LOG] [Fast Refresh] done in 534ms @ http://localhost:3000/_next/static/chunks/07yg_next_dist_0egfuq6._.js:2431
[ 8667535ms] [LOG] [HMR] connected @ http://localhost:3000/_next/static/chunks/07yg_next_dist_0egfuq6._.js:2431
