[     733ms] [INFO] %cDownload the React DevTools for a better development experience: https://react.dev/link/react-devtools font-weight:bold @ http://localhost:3000/_next/static/chunks/07yg_next_dist_0egfuq6._.js:2431
[     753ms] [LOG] [HMR] connected @ http://localhost:3000/_next/static/chunks/07yg_next_dist_0egfuq6._.js:2431
[     784ms] [LOG] %c[Vercel Speed Insights]%c Debug mode is enabled by default in development. No requests will be sent to the server. color: rgb(120, 120, 120) color: inherit @ http://localhost:3000/_next/static/chunks/07yg_next_dist_0egfuq6._.js:2431
[   45789ms] [LOG] [Fast Refresh] rebuilding @ http://localhost:3000/_next/static/chunks/07yg_next_dist_0egfuq6._.js:2431
[   47649ms] [LOG] [Fast Refresh] done in 1970ms @ http://localhost:3000/_next/static/chunks/07yg_next_dist_0egfuq6._.js:2431
[   47763ms] [LOG] [Fast Refresh] rebuilding @ http://localhost:3000/_next/static/chunks/07yg_next_dist_0egfuq6._.js:2431
[   61782ms] [LOG] [Fast Refresh] done in 14131ms @ http://localhost:3000/_next/static/chunks/07yg_next_dist_0egfuq6._.js:2431
[  176227ms] [LOG] [Fast Refresh] rebuilding @ http://localhost:3000/_next/static/chunks/07yg_next_dist_0egfuq6._.js:2431
[  176461ms] [LOG] [Fast Refresh] done in 345ms @ http://localhost:3000/_next/static/chunks/07yg_next_dist_0egfuq6._.js:2431
[  184404ms] [LOG] [Fast Refresh] rebuilding @ http://localhost:3000/_next/static/chunks/07yg_next_dist_0egfuq6._.js:2431
[  185289ms] [LOG] [Fast Refresh] done in 985ms @ http://localhost:3000/_next/static/chunks/07yg_next_dist_0egfuq6._.js:2431
[  186440ms] [LOG] [Fast Refresh] rebuilding @ http://localhost:3000/_next/static/chunks/07yg_next_dist_0egfuq6._.js:2431
[  186587ms] [LOG] [Fast Refresh] done in 259ms @ http://localhost:3000/_next/static/chunks/07yg_next_dist_0egfuq6._.js:2431
[  186722ms] [LOG] [Fast Refresh] rebuilding @ http://localhost:3000/_next/static/chunks/07yg_next_dist_0egfuq6._.js:2431
[  187343ms] [LOG] [Fast Refresh] done in 732ms @ http://localhost:3000/_next/static/chunks/07yg_next_dist_0egfuq6._.js:2431
[  187831ms] [LOG] [Fast Refresh] rebuilding @ http://localhost:3000/_next/static/chunks/07yg_next_dist_0egfuq6._.js:2431
[  187970ms] [LOG] [Fast Refresh] done in 241ms @ http://localhost:3000/_next/static/chunks/07yg_next_dist_0egfuq6._.js:2431
[  188096ms] [LOG] [Fast Refresh] rebuilding @ http://localhost:3000/_next/static/chunks/07yg_next_dist_0egfuq6._.js:2431
[  188110ms] [LOG] [Fast Refresh] done in 118ms @ http://localhost:3000/_next/static/chunks/07yg_next_dist_0egfuq6._.js:2431
[  188377ms] [LOG] [Fast Refresh] rebuilding @ http://localhost:3000/_next/static/chunks/07yg_next_dist_0egfuq6._.js:2431
[  188464ms] [LOG] [Fast Refresh] done in 200ms @ http://localhost:3000/_next/static/chunks/07yg_next_dist_0egfuq6._.js:2431
[  188935ms] [LOG] [Fast Refresh] rebuilding @ http://localhost:3000/_next/static/chunks/07yg_next_dist_0egfuq6._.js:2431
[  189080ms] [LOG] [Fast Refresh] done in 251ms @ http://localhost:3000/_next/static/chunks/07yg_next_dist_0egfuq6._.js:2431
