[     771ms] [LOG] [Fast Refresh] rebuilding @ http://localhost:3000/_next/static/chunks/07yg_next_dist_0egfuq6._.js:2431
[    1025ms] [LOG] [Fast Refresh] done in 359ms @ http://localhost:3000/_next/static/chunks/07yg_next_dist_0egfuq6._.js:2431
[    1138ms] [INFO] %cDownload the React DevTools for a better development experience: https://react.dev/link/react-devtools font-weight:bold @ http://localhost:3000/_next/static/chunks/07yg_next_dist_0egfuq6._.js:2431
[    1164ms] [LOG] [HMR] connected @ http://localhost:3000/_next/static/chunks/07yg_next_dist_0egfuq6._.js:2431
[    1198ms] [LOG] %c[Vercel Speed Insights]%c Debug mode is enabled by default in development. No requests will be sent to the server. color: rgb(120, 120, 120) color: inherit @ http://localhost:3000/_next/static/chunks/07yg_next_dist_0egfuq6._.js:2431
[   62908ms] [LOG] [Fast Refresh] rebuilding @ http://localhost:3000/_next/static/chunks/07yg_next_dist_0egfuq6._.js:2431
[   63338ms] [LOG] [Fast Refresh] done in 546ms @ http://localhost:3000/_next/static/chunks/07yg_next_dist_0egfuq6._.js:2431
[   65413ms] [LOG] [Fast Refresh] rebuilding @ http://localhost:3000/_next/static/chunks/07yg_next_dist_0egfuq6._.js:2431
[   68526ms] [LOG] [Fast Refresh] done in 3213ms @ http://localhost:3000/_next/static/chunks/07yg_next_dist_0egfuq6._.js:2431
[   69178ms] [LOG] [Fast Refresh] rebuilding @ http://localhost:3000/_next/static/chunks/07yg_next_dist_0egfuq6._.js:2431
[   69178ms] [LOG] [Fast Refresh] done in 101ms @ http://localhost:3000/_next/static/chunks/07yg_next_dist_0egfuq6._.js:2431
[   69325ms] [LOG] [Fast Refresh] rebuilding @ http://localhost:3000/_next/static/chunks/07yg_next_dist_0egfuq6._.js:2431
[   69417ms] [LOG] [Fast Refresh] done in 198ms @ http://localhost:3000/_next/static/chunks/07yg_next_dist_0egfuq6._.js:2431
[   69560ms] [LOG] [Fast Refresh] rebuilding @ http://localhost:3000/_next/static/chunks/07yg_next_dist_0egfuq6._.js:2431
[   69730ms] [LOG] [Fast Refresh] done in 278ms @ http://localhost:3000/_next/static/chunks/07yg_next_dist_0egfuq6._.js:2431
[   69897ms] [LOG] [Fast Refresh] rebuilding @ http://localhost:3000/_next/static/chunks/07yg_next_dist_0egfuq6._.js:2431
[   69903ms] [LOG] [Fast Refresh] done in 111ms @ http://localhost:3000/_next/static/chunks/07yg_next_dist_0egfuq6._.js:2431
[   70436ms] [LOG] [Fast Refresh] rebuilding @ http://localhost:3000/_next/static/chunks/07yg_next_dist_0egfuq6._.js:2431
[   70610ms] [LOG] [Fast Refresh] done in 286ms @ http://localhost:3000/_next/static/chunks/07yg_next_dist_0egfuq6._.js:2431
[   70792ms] [LOG] [Fast Refresh] rebuilding @ http://localhost:3000/_next/static/chunks/07yg_next_dist_0egfuq6._.js:2431
[   70937ms] [LOG] [Fast Refresh] done in 252ms @ http://localhost:3000/_next/static/chunks/07yg_next_dist_0egfuq6._.js:2431
[   71100ms] [LOG] [Fast Refresh] rebuilding @ http://localhost:3000/_next/static/chunks/07yg_next_dist_0egfuq6._.js:2431
[   72466ms] [LOG] [Fast Refresh] done in 1472ms @ http://localhost:3000/_next/static/chunks/07yg_next_dist_0egfuq6._.js:2431
[   72803ms] [LOG] [Fast Refresh] rebuilding @ http://localhost:3000/_next/static/chunks/07yg_next_dist_0egfuq6._.js:2431
[   73232ms] [LOG] [Fast Refresh] done in 536ms @ http://localhost:3000/_next/static/chunks/07yg_next_dist_0egfuq6._.js:2431
[   74134ms] [LOG] [Fast Refresh] rebuilding @ http://localhost:3000/_next/static/chunks/07yg_next_dist_0egfuq6._.js:2431
[   74377ms] [LOG] [Fast Refresh] done in 351ms @ http://localhost:3000/_next/static/chunks/07yg_next_dist_0egfuq6._.js:2431
[   76555ms] [LOG] [Fast Refresh] rebuilding @ http://localhost:3000/_next/static/chunks/07yg_next_dist_0egfuq6._.js:2431
[   78563ms] [LOG] [Fast Refresh] done in 2113ms @ http://localhost:3000/_next/static/chunks/07yg_next_dist_0egfuq6._.js:2431
[   78784ms] [LOG] [Fast Refresh] rebuilding @ http://localhost:3000/_next/static/chunks/07yg_next_dist_0egfuq6._.js:2431
[   78973ms] [LOG] [Fast Refresh] done in 293ms @ http://localhost:3000/_next/static/chunks/07yg_next_dist_0egfuq6._.js:2431
[   79088ms] [LOG] [Fast Refresh] rebuilding @ http://localhost:3000/_next/static/chunks/07yg_next_dist_0egfuq6._.js:2431
[   80046ms] [LOG] [Fast Refresh] done in 1071ms @ http://localhost:3000/_next/static/chunks/07yg_next_dist_0egfuq6._.js:2431
[   80290ms] [LOG] [Fast Refresh] rebuilding @ http://localhost:3000/_next/static/chunks/07yg_next_dist_0egfuq6._.js:2431
[   80388ms] [LOG] [Fast Refresh] done in 200ms @ http://localhost:3000/_next/static/chunks/07yg_next_dist_0egfuq6._.js:2431
[   80678ms] [LOG] [Fast Refresh] rebuilding @ http://localhost:3000/_next/static/chunks/07yg_next_dist_0egfuq6._.js:2431
[   80686ms] [LOG] [Fast Refresh] done in 118ms @ http://localhost:3000/_next/static/chunks/07yg_next_dist_0egfuq6._.js:2431
[   81022ms] [LOG] [Fast Refresh] rebuilding @ http://localhost:3000/_next/static/chunks/07yg_next_dist_0egfuq6._.js:2431
[   81154ms] [LOG] [Fast Refresh] done in 233ms @ http://localhost:3000/_next/static/chunks/07yg_next_dist_0egfuq6._.js:2431
[   81279ms] [LOG] [Fast Refresh] rebuilding @ http://localhost:3000/_next/static/chunks/07yg_next_dist_0egfuq6._.js:2431
[   81293ms] [LOG] [Fast Refresh] done in 118ms @ http://localhost:3000/_next/static/chunks/07yg_next_dist_0egfuq6._.js:2431
[   82359ms] [LOG] [Fast Refresh] rebuilding @ http://localhost:3000/_next/static/chunks/07yg_next_dist_0egfuq6._.js:2431
[   82493ms] [LOG] [Fast Refresh] done in 239ms @ http://localhost:3000/_next/static/chunks/07yg_next_dist_0egfuq6._.js:2431
[   82938ms] [LOG] [Fast Refresh] rebuilding @ http://localhost:3000/_next/static/chunks/07yg_next_dist_0egfuq6._.js:2431
[   83079ms] [LOG] [Fast Refresh] done in 244ms @ http://localhost:3000/_next/static/chunks/07yg_next_dist_0egfuq6._.js:2431
[   83510ms] [LOG] [Fast Refresh] rebuilding @ http://localhost:3000/_next/static/chunks/07yg_next_dist_0egfuq6._.js:2431
[   83604ms] [LOG] [Fast Refresh] done in 195ms @ http://localhost:3000/_next/static/chunks/07yg_next_dist_0egfuq6._.js:2431
[   84001ms] [LOG] [Fast Refresh] rebuilding @ http://localhost:3000/_next/static/chunks/07yg_next_dist_0egfuq6._.js:2431
[   84035ms] [LOG] [Fast Refresh] done in 147ms @ http://localhost:3000/_next/static/chunks/07yg_next_dist_0egfuq6._.js:2431
[   84628ms] [LOG] [Fast Refresh] rebuilding @ http://localhost:3000/_next/static/chunks/07yg_next_dist_0egfuq6._.js:2431
[   84722ms] [LOG] [Fast Refresh] done in 204ms @ http://localhost:3000/_next/static/chunks/07yg_next_dist_0egfuq6._.js:2431
[   85108ms] [LOG] [Fast Refresh] rebuilding @ http://localhost:3000/_next/static/chunks/07yg_next_dist_0egfuq6._.js:2431
[   85197ms] [LOG] [Fast Refresh] done in 205ms @ http://localhost:3000/_next/static/chunks/07yg_next_dist_0egfuq6._.js:2431
[   85598ms] [LOG] [Fast Refresh] rebuilding @ http://localhost:3000/_next/static/chunks/07yg_next_dist_0egfuq6._.js:2431
[   85703ms] [LOG] [Fast Refresh] done in 219ms @ http://localhost:3000/_next/static/chunks/07yg_next_dist_0egfuq6._.js:2431
